2025-04-01 18:58:30,224 - INFO - [2025-04-01 18:58:30] Received upload from: device-m8ysifbyslcrmw
2025-04-01 18:58:30,234 - INFO - [2025-04-01 18:58:30] Received upload from: device-m8ysifbyslcrmw
2025-04-01 18:58:30,239 - INFO - [2025-04-01 18:58:30] Received upload from: device-m8ysifbyslcrmw
2025-04-01 18:58:30,253 - INFO - [2025-04-01 18:58:30] Received upload from: device-m8ysifbyslcrmw
2025-04-01 18:58:30,256 - INFO - [2025-04-01 18:58:30] Received upload from: device-m8ysifbyslcrmw
2025-04-01 18:58:30,258 - INFO - [2025-04-01 18:58:30] Received upload from: device-m8ysifbyslcrmw
2025-04-01 18:58:30,484 - INFO - [2025-04-01 18:58:30] Received upload from: device-m8ysifbyslcrmw
2025-04-01 18:58:30,607 - INFO - [2025-04-01 18:58:30] Received upload from: device-m8ysifbyslcrmw
2025-04-01 18:58:30,939 - INFO - [2025-04-01 18:58:30] Received upload from: device-m8ysifbyslcrmw
2025-04-01 18:58:30,964 - INFO - [2025-04-01 18:58:30] Received upload from: device-m8ysifbyslcrmw
2025-04-01 18:58:31,185 - INFO - [2025-04-01 18:58:31] Received upload from: device-m8ysifbyslcrmw
2025-04-01 18:58:31,720 - INFO - [2025-04-01 18:58:31] Received upload from: device-m8ysifbyslcrmw
2025-04-01 18:58:31,724 - INFO - [2025-04-01 18:58:31] Received upload from: device-m8ysifbyslcrmw
2025-04-01 18:58:31,793 - INFO - [2025-04-01 18:58:31] Received upload from: device-m8ysifbyslcrmw
2025-04-01 18:58:31,986 - INFO - [2025-04-01 18:58:31] Received upload from: device-m8ysifbyslcrmw
2025-04-01 18:58:32,168 - INFO - [2025-04-01 18:58:32] Received upload from: device-m8ysifbyslcrmw
2025-04-01 18:58:32,364 - INFO - [2025-04-01 18:58:32] Received upload from: device-m8ysifbyslcrmw
2025-04-01 18:58:32,571 - INFO - [2025-04-01 18:58:32] Received upload from: device-m8ysifbyslcrmw
2025-04-01 18:58:32,770 - INFO - [2025-04-01 18:58:32] Received upload from: device-m8ysifbyslcrmw
2025-04-01 18:58:32,970 - INFO - [2025-04-01 18:58:32] Received upload from: device-m8ysifbyslcrmw
2025-04-01 18:58:33,193 - INFO - [2025-04-01 18:58:33] Received upload from: device-m8ysifbyslcrmw
2025-04-01 18:58:33,380 - INFO - [2025-04-01 18:58:33] Received upload from: device-m8ysifbyslcrmw
2025-04-01 18:58:33,567 - INFO - [2025-04-01 18:58:33] Received upload from: device-m8ysifbyslcrmw
2025-04-01 18:58:33,797 - INFO - [2025-04-01 18:58:33] Received upload from: device-m8ysifbyslcrmw
2025-04-01 18:58:33,967 - INFO - [2025-04-01 18:58:33] Received upload from: device-m8ysifbyslcrmw
2025-04-01 18:58:34,170 - INFO - [2025-04-01 18:58:34] Received upload from: device-m8ysifbyslcrmw
2025-04-01 18:58:34,379 - INFO - [2025-04-01 18:58:34] Received upload from: device-m8ysifbyslcrmw
2025-04-01 18:58:34,580 - INFO - [2025-04-01 18:58:34] Received upload from: device-m8ysifbyslcrmw
2025-04-01 18:58:34,798 - INFO - [2025-04-01 18:58:34] Received upload from: device-m8ysifbyslcrmw
2025-04-01 18:58:34,978 - INFO - [2025-04-01 18:58:34] Received upload from: device-m8ysifbyslcrmw
2025-04-01 18:58:35,244 - INFO - [2025-04-01 18:58:35] Received upload from: device-m8ysifbyslcrmw
2025-04-01 18:58:36,547 - INFO - [2025-04-01 18:58:36] Received upload from: device-m8ysifbyslcrmw
2025-04-01 18:58:37,269 - INFO - [2025-04-01 18:58:37] Received upload from: device-m8ysifbyslcrmw
2025-04-01 18:58:38,231 - INFO - [2025-04-01 18:58:38] Received upload from: device-m8ysifbyslcrmw
2025-04-01 18:58:39,427 - INFO - [2025-04-01 18:58:39] Received upload from: device-m8ysifbyslcrmw
2025-04-01 18:58:40,290 - INFO - [2025-04-01 18:58:40] Received upload from: device-m8ysifbyslcrmw
2025-04-01 18:58:41,116 - INFO - [2025-04-01 18:58:41] Received upload from: device-m8ysifbyslcrmw
2025-04-01 18:58:41,186 - INFO - [2025-04-01 18:58:41] Received upload from: device-m8ysifbyslcrmw
2025-04-01 18:58:41,714 - INFO - [2025-04-01 18:58:41] Received upload from: device-m8ysifbyslcrmw
2025-04-01 18:58:41,719 - INFO - [2025-04-01 18:58:41] Received upload from: device-m8ysifbyslcrmw
2025-04-01 18:58:41,880 - INFO - [2025-04-01 18:58:41] Received upload from: device-m8ysifbyslcrmw
2025-04-01 18:58:41,972 - INFO - [2025-04-01 18:58:41] Received upload from: device-m8ysifbyslcrmw
2025-04-01 18:58:42,187 - INFO - [2025-04-01 18:58:42] Received upload from: device-m8ysifbyslcrmw
2025-04-01 18:58:42,389 - INFO - [2025-04-01 18:58:42] Received upload from: device-m8ysifbyslcrmw
2025-04-01 18:58:42,583 - INFO - [2025-04-01 18:58:42] Received upload from: device-m8ysifbyslcrmw
2025-04-01 18:58:42,797 - INFO - [2025-04-01 18:58:42] Received upload from: device-m8ysifbyslcrmw
2025-04-01 18:58:42,979 - INFO - [2025-04-01 18:58:42] Received upload from: device-m8ysifbyslcrmw
2025-04-01 18:58:43,210 - INFO - [2025-04-01 18:58:43] Received upload from: device-m8ysifbyslcrmw
2025-04-01 18:58:45,340 - INFO - [2025-04-01 18:58:45] Received upload from: device-m8ysifbyslcrmw
2025-04-01 18:58:45,385 - INFO - [2025-04-01 18:58:45] Received upload from: device-m8ysifbyslcrmw
2025-04-01 18:58:45,395 - INFO - [2025-04-01 18:58:45] Received upload from: device-m8ysifbyslcrmw
2025-04-01 18:58:45,473 - INFO - [2025-04-01 18:58:45] Received upload from: device-m8ysifbyslcrmw
2025-04-01 18:58:45,507 - INFO - [2025-04-01 18:58:45] Received upload from: device-m8ysifbyslcrmw
2025-04-01 18:58:45,525 - INFO - [2025-04-01 18:58:45] Received upload from: device-m8ysifbyslcrmw
2025-04-01 18:58:45,528 - INFO - [2025-04-01 18:58:45] Received upload from: device-m8ysifbyslcrmw
2025-04-01 18:58:45,543 - INFO - [2025-04-01 18:58:45] Received upload from: device-m8ysifbyslcrmw
2025-04-01 18:58:45,581 - INFO - [2025-04-01 18:58:45] Received upload from: device-m8ysifbyslcrmw
2025-04-01 18:58:45,589 - INFO - [2025-04-01 18:58:45] Received upload from: device-m8ysifbyslcrmw
2025-04-01 18:58:45,597 - INFO - [2025-04-01 18:58:45] Received upload from: device-m8ysifbyslcrmw
2025-04-01 18:58:45,747 - INFO - [2025-04-01 18:58:45] Received upload from: device-m8ysifbyslcrmw
2025-04-01 18:58:45,791 - INFO - [2025-04-01 18:58:45] Received upload from: device-m8ysifbyslcrmw
2025-04-01 18:58:45,964 - INFO - [2025-04-01 18:58:45] Received upload from: device-m8ysifbyslcrmw
2025-04-01 18:58:46,200 - INFO - [2025-04-01 18:58:46] Received upload from: device-m8ysifbyslcrmw
2025-04-01 18:58:46,436 - INFO - [2025-04-01 18:58:46] Received upload from: device-m8ysifbyslcrmw
2025-04-01 18:58:46,616 - INFO - [2025-04-01 18:58:46] Received upload from: device-m8ysifbyslcrmw
2025-04-01 18:58:46,772 - INFO - [2025-04-01 18:58:46] Received upload from: device-m8ysifbyslcrmw
2025-04-01 18:58:46,986 - INFO - [2025-04-01 18:58:46] Received upload from: device-m8ysifbyslcrmw
2025-04-01 18:58:47,168 - INFO - [2025-04-01 18:58:47] Received upload from: device-m8ysifbyslcrmw
2025-04-01 18:58:47,370 - INFO - [2025-04-01 18:58:47] Received upload from: device-m8ysifbyslcrmw
2025-04-01 18:58:47,568 - INFO - [2025-04-01 18:58:47] Received upload from: device-m8ysifbyslcrmw
2025-04-01 18:58:47,794 - INFO - [2025-04-01 18:58:47] Received upload from: device-m8ysifbyslcrmw
2025-04-01 18:58:48,029 - INFO - [2025-04-01 18:58:48] Received upload from: device-m8ysifbyslcrmw
2025-04-01 18:58:48,174 - INFO - [2025-04-01 18:58:48] Received upload from: device-m8ysifbyslcrmw
2025-04-01 18:58:48,376 - INFO - [2025-04-01 18:58:48] Received upload from: device-m8ysifbyslcrmw
2025-04-01 18:58:48,565 - INFO - [2025-04-01 18:58:48] Received upload from: device-m8ysifbyslcrmw
2025-04-01 18:58:48,772 - INFO - [2025-04-01 18:58:48] Received upload from: device-m8ysifbyslcrmw
2025-04-01 18:58:48,984 - INFO - [2025-04-01 18:58:48] Received upload from: device-m8ysifbyslcrmw
2025-04-01 18:58:49,205 - INFO - [2025-04-01 18:58:49] Received upload from: device-m8ysifbyslcrmw
2025-04-01 18:58:49,400 - INFO - [2025-04-01 18:58:49] Received upload from: device-m8ysifbyslcrmw
2025-04-01 18:58:49,569 - INFO - [2025-04-01 18:58:49] Received upload from: device-m8ysifbyslcrmw
2025-04-01 18:58:49,775 - INFO - [2025-04-01 18:58:49] Received upload from: device-m8ysifbyslcrmw
2025-04-01 18:58:49,970 - INFO - [2025-04-01 18:58:49] Received upload from: device-m8ysifbyslcrmw
2025-04-01 18:58:50,168 - INFO - [2025-04-01 18:58:50] Received upload from: device-m8ysifbyslcrmw
2025-04-01 18:58:50,396 - INFO - [2025-04-01 18:58:50] Received upload from: device-m8ysifbyslcrmw
2025-04-01 18:58:50,565 - INFO - [2025-04-01 18:58:50] Received upload from: device-m8ysifbyslcrmw
2025-04-01 18:58:50,792 - INFO - [2025-04-01 18:58:50] Received upload from: device-m8ysifbyslcrmw
2025-04-01 18:58:50,997 - INFO - [2025-04-01 18:58:50] Received upload from: device-m8ysifbyslcrmw
2025-04-01 18:58:51,170 - INFO - [2025-04-01 18:58:51] Received upload from: device-m8ysifbyslcrmw
2025-04-01 18:58:51,677 - INFO - [2025-04-01 18:58:51] Received upload from: device-m8ysifbyslcrmw
2025-04-01 18:58:51,693 - INFO - [2025-04-01 18:58:51] Received upload from: device-m8ysifbyslcrmw
2025-04-01 18:58:51,785 - INFO - [2025-04-01 18:58:51] Received upload from: device-m8ysifbyslcrmw
2025-04-01 18:58:51,970 - INFO - [2025-04-01 18:58:51] Received upload from: device-m8ysifbyslcrmw
2025-04-01 18:58:52,190 - INFO - [2025-04-01 18:58:52] Received upload from: device-m8ysifbyslcrmw
2025-04-01 18:58:52,382 - INFO - [2025-04-01 18:58:52] Received upload from: device-m8ysifbyslcrmw
2025-04-01 18:58:52,567 - INFO - [2025-04-01 18:58:52] Received upload from: device-m8ysifbyslcrmw
2025-04-01 18:58:52,822 - INFO - [2025-04-01 18:58:52] Received upload from: device-m8ysifbyslcrmw
2025-04-01 18:58:52,971 - INFO - [2025-04-01 18:58:52] Received upload from: device-m8ysifbyslcrmw
2025-04-01 18:58:53,180 - INFO - [2025-04-01 18:58:53] Received upload from: device-m8ysifbyslcrmw
2025-04-01 18:58:53,425 - INFO - [2025-04-01 18:58:53] Received upload from: device-m8ysifbyslcrmw
2025-04-01 18:58:53,601 - INFO - [2025-04-01 18:58:53] Received upload from: device-m8ysifbyslcrmw
2025-04-01 18:58:53,822 - INFO - [2025-04-01 18:58:53] Received upload from: device-m8ysifbyslcrmw
2025-04-01 18:58:54,255 - INFO - [2025-04-01 18:58:54] Received upload from: device-m8ysifbyslcrmw
2025-04-01 18:58:55,281 - INFO - [2025-04-01 18:58:55] Received upload from: device-m8ysifbyslcrmw
2025-04-01 18:58:56,576 - INFO - [2025-04-01 18:58:56] Received upload from: device-m8ysifbyslcrmw
2025-04-01 18:58:57,263 - INFO - [2025-04-01 18:58:57] Received upload from: device-m8ysifbyslcrmw
2025-04-01 18:58:58,285 - INFO - [2025-04-01 18:58:58] Received upload from: device-m8ysifbyslcrmw
2025-04-01 18:58:59,272 - INFO - [2025-04-01 18:58:59] Received upload from: device-m8ysifbyslcrmw
2025-04-01 18:58:59,994 - INFO - [2025-04-01 18:58:59] Received upload from: device-m8ysifbyslcrmw
2025-04-01 18:59:00,212 - INFO - [2025-04-01 18:59:00] Received upload from: device-m8ysifbyslcrmw
2025-04-01 18:59:00,368 - INFO - [2025-04-01 18:59:00] Received upload from: device-m8ysifbyslcrmw
2025-04-01 18:59:00,651 - INFO - [2025-04-01 18:59:00] Received upload from: device-m8ysifbyslcrmw
2025-04-01 18:59:00,818 - INFO - [2025-04-01 18:59:00] Received upload from: device-m8ysifbyslcrmw
2025-04-01 18:59:00,984 - INFO - [2025-04-01 18:59:00] Received upload from: device-m8ysifbyslcrmw
2025-04-01 18:59:01,221 - INFO - [2025-04-01 18:59:01] Received upload from: device-m8ysifbyslcrmw
2025-04-01 18:59:01,698 - INFO - [2025-04-01 18:59:01] Received upload from: device-m8ysifbyslcrmw
2025-04-01 18:59:01,713 - INFO - [2025-04-01 18:59:01] Received upload from: device-m8ysifbyslcrmw
2025-04-01 18:59:01,797 - INFO - [2025-04-01 18:59:01] Received upload from: device-m8ysifbyslcrmw
2025-04-01 18:59:01,976 - INFO - [2025-04-01 18:59:01] Received upload from: device-m8ysifbyslcrmw
2025-04-01 18:59:02,173 - INFO - [2025-04-01 18:59:02] Received upload from: device-m8ysifbyslcrmw
2025-04-01 18:59:02,376 - INFO - [2025-04-01 18:59:02] Received upload from: device-m8ysifbyslcrmw
2025-04-01 18:59:02,591 - INFO - [2025-04-01 18:59:02] Received upload from: device-m8ysifbyslcrmw
2025-04-01 18:59:02,780 - INFO - [2025-04-01 18:59:02] Received upload from: device-m8ysifbyslcrmw
2025-04-01 18:59:02,978 - INFO - [2025-04-01 18:59:02] Received upload from: device-m8ysifbyslcrmw
2025-04-01 18:59:31,539 - INFO - [2025-04-01 18:59:31] Received upload from: device-m8ysyj3d3bgka0
2025-04-01 18:59:31,713 - INFO - [2025-04-01 18:59:31] Received upload from: device-m8ysyj3d3bgka0
2025-04-01 18:59:31,949 - INFO - [2025-04-01 18:59:31] Received upload from: device-m8ysyj3d3bgka0
2025-04-01 18:59:32,116 - INFO - [2025-04-01 18:59:32] Received upload from: device-m8ysyj3d3bgka0
2025-04-01 18:59:32,325 - INFO - [2025-04-01 18:59:32] Received upload from: device-m8ysyj3d3bgka0
2025-04-01 18:59:32,524 - INFO - [2025-04-01 18:59:32] Received upload from: device-m8ysyj3d3bgka0
2025-04-01 18:59:32,730 - INFO - [2025-04-01 18:59:32] Received upload from: device-m8ysyj3d3bgka0
2025-04-01 18:59:32,913 - INFO - [2025-04-01 18:59:32] Received upload from: device-m8ysyj3d3bgka0
2025-04-01 18:59:33,126 - INFO - [2025-04-01 18:59:33] Received upload from: device-m8ysyj3d3bgka0
2025-04-01 18:59:33,322 - INFO - [2025-04-01 18:59:33] Received upload from: device-m8ysyj3d3bgka0
2025-04-01 18:59:33,522 - INFO - [2025-04-01 18:59:33] Received upload from: device-m8ysyj3d3bgka0
2025-04-01 18:59:33,714 - INFO - [2025-04-01 18:59:33] Received upload from: device-m8ysyj3d3bgka0
2025-04-01 18:59:33,920 - INFO - [2025-04-01 18:59:33] Received upload from: device-m8ysyj3d3bgka0
2025-04-01 18:59:34,113 - INFO - [2025-04-01 18:59:34] Received upload from: device-m8ysyj3d3bgka0
2025-04-01 18:59:34,320 - INFO - [2025-04-01 18:59:34] Received upload from: device-m8ysyj3d3bgka0
2025-04-01 18:59:34,512 - INFO - [2025-04-01 18:59:34] Received upload from: device-m8ysyj3d3bgka0
2025-04-01 18:59:34,718 - INFO - [2025-04-01 18:59:34] Received upload from: device-m8ysyj3d3bgka0
2025-04-01 18:59:34,919 - INFO - [2025-04-01 18:59:34] Received upload from: device-m8ysyj3d3bgka0
2025-04-01 18:59:35,116 - INFO - [2025-04-01 18:59:35] Received upload from: device-m8ysyj3d3bgka0
2025-04-01 18:59:35,323 - INFO - [2025-04-01 18:59:35] Received upload from: device-m8ysyj3d3bgka0
2025-04-01 18:59:35,524 - INFO - [2025-04-01 18:59:35] Received upload from: device-m8ysyj3d3bgka0
2025-04-01 18:59:35,716 - INFO - [2025-04-01 18:59:35] Received upload from: device-m8ysyj3d3bgka0
2025-04-01 18:59:35,923 - INFO - [2025-04-01 18:59:35] Received upload from: device-m8ysyj3d3bgka0
2025-04-01 18:59:36,118 - INFO - [2025-04-01 18:59:36] Received upload from: device-m8ysyj3d3bgka0
2025-04-01 18:59:36,631 - INFO - [2025-04-01 18:59:36] Received upload from: device-m8ysyj3d3bgka0
2025-04-01 18:59:36,637 - INFO - [2025-04-01 18:59:36] Received upload from: device-m8ysyj3d3bgka0
2025-04-01 18:59:36,724 - INFO - [2025-04-01 18:59:36] Received upload from: device-m8ysyj3d3bgka0
2025-04-01 18:59:36,921 - INFO - [2025-04-01 18:59:36] Received upload from: device-m8ysyj3d3bgka0
2025-04-01 18:59:37,124 - INFO - [2025-04-01 18:59:37] Received upload from: device-m8ysyj3d3bgka0
2025-04-01 18:59:37,325 - INFO - [2025-04-01 18:59:37] Received upload from: device-m8ysyj3d3bgka0
2025-04-01 18:59:37,520 - INFO - [2025-04-01 18:59:37] Received upload from: device-m8ysyj3d3bgka0
2025-04-01 18:59:37,718 - INFO - [2025-04-01 18:59:37] Received upload from: device-m8ysyj3d3bgka0
2025-04-01 18:59:37,919 - INFO - [2025-04-01 18:59:37] Received upload from: device-m8ysyj3d3bgka0
2025-04-01 18:59:38,115 - INFO - [2025-04-01 18:59:38] Received upload from: device-m8ysyj3d3bgka0
2025-04-01 18:59:38,320 - INFO - [2025-04-01 18:59:38] Received upload from: device-m8ysyj3d3bgka0
2025-04-01 18:59:38,527 - INFO - [2025-04-01 18:59:38] Received upload from: device-m8ysyj3d3bgka0
2025-04-01 18:59:38,715 - INFO - [2025-04-01 18:59:38] Received upload from: device-m8ysyj3d3bgka0
2025-04-01 18:59:38,922 - INFO - [2025-04-01 18:59:38] Received upload from: device-m8ysyj3d3bgka0
2025-04-01 18:59:39,113 - INFO - [2025-04-01 18:59:39] Received upload from: device-m8ysyj3d3bgka0
2025-04-01 18:59:39,321 - INFO - [2025-04-01 18:59:39] Received upload from: device-m8ysyj3d3bgka0
2025-04-01 18:59:39,525 - INFO - [2025-04-01 18:59:39] Received upload from: device-m8ysyj3d3bgka0
2025-04-01 18:59:39,728 - INFO - [2025-04-01 18:59:39] Received upload from: device-m8ysyj3d3bgka0
2025-04-01 18:59:39,917 - INFO - [2025-04-01 18:59:39] Received upload from: device-m8ysyj3d3bgka0
2025-04-01 18:59:40,115 - INFO - [2025-04-01 18:59:40] Received upload from: device-m8ysyj3d3bgka0
2025-04-01 18:59:40,323 - INFO - [2025-04-01 18:59:40] Received upload from: device-m8ysyj3d3bgka0
2025-04-01 18:59:40,554 - INFO - [2025-04-01 18:59:40] Received upload from: device-m8ysyj3d3bgka0
2025-04-01 18:59:40,718 - INFO - [2025-04-01 18:59:40] Received upload from: device-m8ysyj3d3bgka0
2025-04-01 18:59:40,926 - INFO - [2025-04-01 18:59:40] Received upload from: device-m8ysyj3d3bgka0
2025-04-01 18:59:41,138 - INFO - [2025-04-01 18:59:41] Received upload from: device-m8ysyj3d3bgka0
2025-04-01 18:59:41,632 - INFO - [2025-04-01 18:59:41] Received upload from: device-m8ysyj3d3bgka0
2025-04-01 18:59:41,641 - INFO - [2025-04-01 18:59:41] Received upload from: device-m8ysyj3d3bgka0
2025-04-01 18:59:41,732 - INFO - [2025-04-01 18:59:41] Received upload from: device-m8ysyj3d3bgka0
2025-04-01 18:59:41,959 - INFO - [2025-04-01 18:59:41] Received upload from: device-m8ysyj3d3bgka0
2025-04-01 23:19:29,394 - INFO - [2025-04-01 23:19:29] Received upload from: device-m8ysyj3d3bgka0
2025-04-01 23:19:29,405 - INFO - [2025-04-01 23:19:29] Received upload from: device-m8ysyj3d3bgka0
2025-04-01 23:19:29,421 - INFO - [2025-04-01 23:19:29] Received upload from: device-m8ysyj3d3bgka0
2025-04-01 23:19:29,421 - INFO - [2025-04-01 23:19:29] Received upload from: device-m8ysyj3d3bgka0
2025-04-01 23:19:29,433 - INFO - [2025-04-01 23:19:29] Received upload from: device-m8ysyj3d3bgka0
2025-04-01 23:19:29,438 - INFO - [2025-04-01 23:19:29] Received upload from: device-m8ysyj3d3bgka0
2025-04-01 23:19:29,542 - INFO - [2025-04-01 23:19:29] Received upload from: device-m8ysyj3d3bgka0
2025-04-01 23:19:29,685 - INFO - [2025-04-01 23:19:29] Received upload from: device-m8ysyj3d3bgka0
2025-04-01 23:19:29,915 - INFO - [2025-04-01 23:19:29] Received upload from: device-m8ysyj3d3bgka0
2025-04-01 23:19:30,103 - INFO - [2025-04-01 23:19:30] Received upload from: device-m8ysyj3d3bgka0
2025-04-01 23:19:30,304 - INFO - [2025-04-01 23:19:30] Received upload from: device-m8ysyj3d3bgka0
2025-04-01 23:19:30,493 - INFO - [2025-04-01 23:19:30] Received upload from: device-m8ysyj3d3bgka0
2025-04-01 23:19:30,685 - INFO - [2025-04-01 23:19:30] Received upload from: device-m8ysyj3d3bgka0
2025-04-01 23:19:30,905 - INFO - [2025-04-01 23:19:30] Received upload from: device-m8ysyj3d3bgka0
2025-04-01 23:19:31,146 - INFO - [2025-04-01 23:19:31] Received upload from: device-m8ysyj3d3bgka0
2025-04-01 23:19:31,303 - INFO - [2025-04-01 23:19:31] Received upload from: device-m8ysyj3d3bgka0
2025-04-01 23:19:31,489 - INFO - [2025-04-01 23:19:31] Received upload from: device-m8ysyj3d3bgka0
2025-04-01 23:19:31,705 - INFO - [2025-04-01 23:19:31] Received upload from: device-m8ysyj3d3bgka0
2025-04-01 23:19:31,905 - INFO - [2025-04-01 23:19:31] Received upload from: device-m8ysyj3d3bgka0
2025-04-01 23:19:32,101 - INFO - [2025-04-01 23:19:32] Received upload from: device-m8ysyj3d3bgka0
2025-04-01 23:19:32,304 - INFO - [2025-04-01 23:19:32] Received upload from: device-m8ysyj3d3bgka0
2025-04-01 23:19:32,516 - INFO - [2025-04-01 23:19:32] Received upload from: device-m8ysyj3d3bgka0
2025-04-01 23:19:32,701 - INFO - [2025-04-01 23:19:32] Received upload from: device-m8ysyj3d3bgka0
2025-04-01 23:19:32,901 - INFO - [2025-04-01 23:19:32] Received upload from: device-m8ysyj3d3bgka0
2025-04-01 23:19:33,094 - INFO - [2025-04-01 23:19:33] Received upload from: device-m8ysyj3d3bgka0
2025-04-01 23:19:33,297 - INFO - [2025-04-01 23:19:33] Received upload from: device-m8ysyj3d3bgka0
2025-04-01 23:19:33,491 - INFO - [2025-04-01 23:19:33] Received upload from: device-m8ysyj3d3bgka0
2025-04-01 23:19:33,699 - INFO - [2025-04-01 23:19:33] Received upload from: device-m8ysyj3d3bgka0
2025-04-01 23:19:34,331 - INFO - [2025-04-01 23:19:34] Received upload from: device-m8ysyj3d3bgka0
2025-04-01 23:19:34,414 - INFO - [2025-04-01 23:19:34] Received upload from: device-m8ysyj3d3bgka0
2025-04-01 23:19:34,460 - INFO - [2025-04-01 23:19:34] Received upload from: device-m8ysyj3d3bgka0
2025-04-01 23:19:35,421 - INFO - [2025-04-01 23:19:35] Received upload from: device-m8ysyj3d3bgka0
2025-04-01 23:19:36,439 - INFO - [2025-04-01 23:19:36] Received upload from: device-m8ysyj3d3bgka0
2025-04-01 23:19:37,424 - INFO - [2025-04-01 23:19:37] Received upload from: device-m8ysyj3d3bgka0
2025-04-01 23:19:38,434 - INFO - [2025-04-01 23:19:38] Received upload from: device-m8ysyj3d3bgka0
2025-04-01 23:19:39,718 - INFO - [2025-04-01 23:19:39] Received upload from: device-m8ysyj3d3bgka0
2025-04-01 23:19:40,397 - INFO - [2025-04-01 23:19:40] Received upload from: device-m8ysyj3d3bgka0
2025-04-01 23:19:41,423 - INFO - [2025-04-01 23:19:41] Received upload from: device-m8ysyj3d3bgka0
2025-04-01 23:19:42,445 - INFO - [2025-04-01 23:19:42] Received upload from: device-m8ysyj3d3bgka0
2025-04-01 23:19:43,429 - INFO - [2025-04-01 23:19:43] Received upload from: device-m8ysyj3d3bgka0
2025-04-01 23:19:45,764 - INFO - [2025-04-01 23:19:45] Received upload from: device-m8ysyj3d3bgka0
2025-04-01 23:19:46,487 - INFO - [2025-04-01 23:19:46] Received upload from: device-m8ysyj3d3bgka0
2025-04-01 23:19:46,765 - INFO - [2025-04-01 23:19:46] Received upload from: device-m8ysyj3d3bgka0
2025-04-01 23:19:46,784 - INFO - [2025-04-01 23:19:46] Received upload from: device-m8ysyj3d3bgka0
2025-04-01 23:19:46,807 - INFO - [2025-04-01 23:19:46] Received upload from: device-m8ysyj3d3bgka0
2025-04-01 23:19:46,908 - INFO - [2025-04-01 23:19:46] Received upload from: device-m8ysyj3d3bgka0
2025-04-01 23:19:47,121 - INFO - [2025-04-01 23:19:47] Received upload from: device-m8ysyj3d3bgka0
2025-04-01 23:19:47,308 - INFO - [2025-04-01 23:19:47] Received upload from: device-m8ysyj3d3bgka0
2025-04-01 23:19:47,497 - INFO - [2025-04-01 23:19:47] Received upload from: device-m8ysyj3d3bgka0
2025-04-01 23:19:47,703 - INFO - [2025-04-01 23:19:47] Received upload from: device-m8ysyj3d3bgka0
2025-04-01 23:19:47,907 - INFO - [2025-04-01 23:19:47] Received upload from: device-m8ysyj3d3bgka0
2025-04-01 23:19:48,113 - INFO - [2025-04-01 23:19:48] Received upload from: device-m8ysyj3d3bgka0
2025-04-01 23:19:48,302 - INFO - [2025-04-01 23:19:48] Received upload from: device-m8ysyj3d3bgka0
2025-04-01 23:19:48,507 - INFO - [2025-04-01 23:19:48] Received upload from: device-m8ysyj3d3bgka0
2025-04-01 23:19:48,710 - INFO - [2025-04-01 23:19:48] Received upload from: device-m8ysyj3d3bgka0
2025-04-01 23:19:49,220 - INFO - [2025-04-01 23:19:49] Received upload from: device-m8ysyj3d3bgka0
2025-04-01 23:20:09,023 - ERROR - Exception in callback _ProactorBasePipeTransport._call_connection_lost(None)
handle: <Handle _ProactorBasePipeTransport._call_connection_lost(None)>
Traceback (most recent call last):
  File "C:\Users\CHRISTOPHER\AppData\Local\Programs\Python\Python312\Lib\asyncio\events.py", line 88, in _run
    self._context.run(self._callback, *self._args)
  File "C:\Users\CHRISTOPHER\AppData\Local\Programs\Python\Python312\Lib\asyncio\proactor_events.py", line 165, in _call_connection_lost
    self._sock.shutdown(socket.SHUT_RDWR)
ConnectionResetError: [WinError 10054] An existing connection was forcibly closed by the remote host
2025-04-01 23:20:12,462 - ERROR - Exception in callback _ProactorBasePipeTransport._call_connection_lost(None)
handle: <Handle _ProactorBasePipeTransport._call_connection_lost(None)>
Traceback (most recent call last):
  File "C:\Users\CHRISTOPHER\AppData\Local\Programs\Python\Python312\Lib\asyncio\events.py", line 88, in _run
    self._context.run(self._callback, *self._args)
  File "C:\Users\CHRISTOPHER\AppData\Local\Programs\Python\Python312\Lib\asyncio\proactor_events.py", line 165, in _call_connection_lost
    self._sock.shutdown(socket.SHUT_RDWR)
ConnectionResetError: [WinError 10054] An existing connection was forcibly closed by the remote host
2025-04-01 23:20:12,474 - ERROR - Exception in callback _ProactorBasePipeTransport._call_connection_lost(None)
handle: <Handle _ProactorBasePipeTransport._call_connection_lost(None)>
Traceback (most recent call last):
  File "C:\Users\CHRISTOPHER\AppData\Local\Programs\Python\Python312\Lib\asyncio\events.py", line 88, in _run
    self._context.run(self._callback, *self._args)
  File "C:\Users\CHRISTOPHER\AppData\Local\Programs\Python\Python312\Lib\asyncio\proactor_events.py", line 165, in _call_connection_lost
    self._sock.shutdown(socket.SHUT_RDWR)
ConnectionResetError: [WinError 10054] An existing connection was forcibly closed by the remote host
2025-04-01 23:20:12,481 - ERROR - Exception in callback _ProactorBasePipeTransport._call_connection_lost(None)
handle: <Handle _ProactorBasePipeTransport._call_connection_lost(None)>
Traceback (most recent call last):
  File "C:\Users\CHRISTOPHER\AppData\Local\Programs\Python\Python312\Lib\asyncio\events.py", line 88, in _run
    self._context.run(self._callback, *self._args)
  File "C:\Users\CHRISTOPHER\AppData\Local\Programs\Python\Python312\Lib\asyncio\proactor_events.py", line 165, in _call_connection_lost
    self._sock.shutdown(socket.SHUT_RDWR)
ConnectionResetError: [WinError 10054] An existing connection was forcibly closed by the remote host
2025-04-01 23:20:12,489 - ERROR - Exception in callback _ProactorBasePipeTransport._call_connection_lost(None)
handle: <Handle _ProactorBasePipeTransport._call_connection_lost(None)>
Traceback (most recent call last):
  File "C:\Users\CHRISTOPHER\AppData\Local\Programs\Python\Python312\Lib\asyncio\events.py", line 88, in _run
    self._context.run(self._callback, *self._args)
  File "C:\Users\CHRISTOPHER\AppData\Local\Programs\Python\Python312\Lib\asyncio\proactor_events.py", line 165, in _call_connection_lost
    self._sock.shutdown(socket.SHUT_RDWR)
ConnectionResetError: [WinError 10054] An existing connection was forcibly closed by the remote host
2025-04-01 23:20:17,677 - INFO - [2025-04-01 23:20:17] Received upload from: device-m8ysyj3d3bgka0
2025-04-01 23:20:17,682 - INFO - [2025-04-01 23:20:17] Received upload from: device-m8ysyj3d3bgka0
2025-04-01 23:20:17,743 - INFO - [2025-04-01 23:20:17] Received upload from: device-m8ysyj3d3bgka0
2025-04-01 23:20:17,915 - INFO - [2025-04-01 23:20:17] Received upload from: device-m8ysyj3d3bgka0
2025-04-01 23:20:18,113 - INFO - [2025-04-01 23:20:18] Received upload from: device-m8ysyj3d3bgka0
2025-04-01 23:20:18,307 - INFO - [2025-04-01 23:20:18] Received upload from: device-m8ysyj3d3bgka0
2025-04-01 23:20:18,515 - INFO - [2025-04-01 23:20:18] Received upload from: device-m8ysyj3d3bgka0
2025-04-01 23:20:18,723 - INFO - [2025-04-01 23:20:18] Received upload from: device-m8ysyj3d3bgka0
2025-04-01 23:20:19,221 - INFO - [2025-04-01 23:20:19] Received upload from: device-m8ysyj3d3bgka0
2025-04-01 23:20:19,227 - INFO - [2025-04-01 23:20:19] Received upload from: device-m8ysyj3d3bgka0
2025-04-01 23:20:19,322 - INFO - [2025-04-01 23:20:19] Received upload from: device-m8ysyj3d3bgka0
2025-04-01 23:20:19,536 - INFO - [2025-04-01 23:20:19] Received upload from: device-m8ysyj3d3bgka0
2025-04-01 23:20:19,703 - INFO - [2025-04-01 23:20:19] Received upload from: device-m8ysyj3d3bgka0
2025-04-01 23:20:19,907 - INFO - [2025-04-01 23:20:19] Received upload from: device-m8ysyj3d3bgka0
2025-04-01 23:20:20,111 - INFO - [2025-04-01 23:20:20] Received upload from: device-m8ysyj3d3bgka0
2025-04-01 23:20:20,462 - INFO - [2025-04-01 23:20:20] Received upload from: device-m8ysyj3d3bgka0
2025-04-01 23:20:21,488 - INFO - [2025-04-01 23:20:21] Received upload from: device-m8ysyj3d3bgka0
2025-04-01 23:20:22,429 - INFO - [2025-04-01 23:20:22] Received upload from: device-m8ysyj3d3bgka0
2025-04-01 23:20:23,471 - INFO - [2025-04-01 23:20:23] Received upload from: device-m8ysyj3d3bgka0
2025-04-01 23:20:24,413 - INFO - [2025-04-01 23:20:24] Received upload from: device-m8ysyj3d3bgka0
2025-04-01 23:20:25,487 - INFO - [2025-04-01 23:20:25] Received upload from: device-m8ysyj3d3bgka0
2025-04-01 23:20:26,500 - INFO - [2025-04-01 23:20:26] Received upload from: device-m8ysyj3d3bgka0
2025-04-01 23:20:27,737 - INFO - [2025-04-01 23:20:27] Received upload from: device-m8ysyj3d3bgka0
2025-04-01 23:20:28,439 - INFO - [2025-04-01 23:20:28] Received upload from: device-m8ysyj3d3bgka0
2025-04-01 23:20:29,744 - INFO - [2025-04-01 23:20:29] Received upload from: device-m8ysyj3d3bgka0
2025-04-01 23:20:31,507 - INFO - [2025-04-01 23:20:31] Received upload from: device-m8ysyj3d3bgka0
2025-04-01 23:20:32,456 - INFO - [2025-04-01 23:20:32] Received upload from: device-m8ysyj3d3bgka0
2025-04-01 23:20:33,530 - INFO - [2025-04-01 23:20:33] Received upload from: device-m8ysyj3d3bgka0
2025-04-01 23:20:34,585 - INFO - [2025-04-01 23:20:34] Received upload from: device-m8ysyj3d3bgka0
2025-04-01 23:20:34,592 - INFO - [2025-04-01 23:20:34] Received upload from: device-m8ysyj3d3bgka0
2025-04-01 23:20:34,598 - INFO - [2025-04-01 23:20:34] Received upload from: device-m8ysyj3d3bgka0
2025-04-01 23:20:34,605 - INFO - [2025-04-01 23:20:34] Received upload from: device-m8ysyj3d3bgka0
2025-04-01 23:20:34,760 - INFO - [2025-04-01 23:20:34] Received upload from: device-m8ysyj3d3bgka0
2025-04-01 23:20:34,910 - INFO - [2025-04-01 23:20:34] Received upload from: device-m8ysyj3d3bgka0
2025-04-01 23:20:35,157 - INFO - [2025-04-01 23:20:35] Received upload from: device-m8ysyj3d3bgka0
2025-04-01 23:20:35,360 - INFO - [2025-04-01 23:20:35] Received upload from: device-m8ysyj3d3bgka0
2025-04-01 23:20:35,557 - INFO - [2025-04-01 23:20:35] Received upload from: device-m8ysyj3d3bgka0
2025-04-01 23:20:35,748 - INFO - [2025-04-01 23:20:35] Received upload from: device-m8ysyj3d3bgka0
2025-04-01 23:20:35,923 - INFO - [2025-04-01 23:20:35] Received upload from: device-m8ysyj3d3bgka0
2025-04-01 23:20:36,138 - INFO - [2025-04-01 23:20:36] Received upload from: device-m8ysyj3d3bgka0
2025-04-01 23:20:36,366 - INFO - [2025-04-01 23:20:36] Received upload from: device-m8ysyj3d3bgka0
2025-04-01 23:20:36,575 - INFO - [2025-04-01 23:20:36] Received upload from: device-m8ysyj3d3bgka0
2025-04-01 23:20:36,723 - INFO - [2025-04-01 23:20:36] Received upload from: device-m8ysyj3d3bgka0
2025-04-01 23:20:36,911 - INFO - [2025-04-01 23:20:36] Received upload from: device-m8ysyj3d3bgka0
2025-04-01 23:20:37,114 - INFO - [2025-04-01 23:20:37] Received upload from: device-m8ysyj3d3bgka0
2025-04-01 23:20:37,383 - INFO - [2025-04-01 23:20:37] Received upload from: device-m8ysyj3d3bgka0
2025-04-01 23:20:37,516 - INFO - [2025-04-01 23:20:37] Received upload from: device-m8ysyj3d3bgka0
2025-04-01 23:20:37,716 - INFO - [2025-04-01 23:20:37] Received upload from: device-m8ysyj3d3bgka0
2025-04-01 23:20:37,921 - INFO - [2025-04-01 23:20:37] Received upload from: device-m8ysyj3d3bgka0
2025-04-01 23:20:38,411 - INFO - [2025-04-01 23:20:38] Received upload from: device-m8ysyj3d3bgka0
2025-04-01 23:20:39,715 - INFO - [2025-04-01 23:20:39] Received upload from: device-m8ysyj3d3bgka0
2025-04-01 23:20:40,457 - INFO - [2025-04-01 23:20:40] Received upload from: device-m8ysyj3d3bgka0
2025-04-01 23:20:41,438 - INFO - [2025-04-01 23:20:41] Received upload from: device-m8ysyj3d3bgka0
2025-04-01 23:20:42,443 - INFO - [2025-04-01 23:20:42] Received upload from: device-m8ysyj3d3bgka0
2025-04-01 23:20:43,478 - INFO - [2025-04-01 23:20:43] Received upload from: device-m8ysyj3d3bgka0
2025-04-01 23:20:44,732 - INFO - [2025-04-01 23:20:44] Received upload from: device-m8ysyj3d3bgka0
2025-04-01 23:20:45,430 - INFO - [2025-04-01 23:20:45] Received upload from: device-m8ysyj3d3bgka0
2025-04-01 23:20:46,405 - INFO - [2025-04-01 23:20:46] Received upload from: device-m8ysyj3d3bgka0
2025-04-01 23:20:47,416 - INFO - [2025-04-01 23:20:47] Received upload from: device-m8ysyj3d3bgka0
2025-04-01 23:20:49,741 - INFO - [2025-04-01 23:20:49] Received upload from: device-m8ysyj3d3bgka0
2025-04-01 23:20:50,472 - INFO - [2025-04-01 23:20:50] Received upload from: device-m8ysyj3d3bgka0
2025-04-01 23:20:51,471 - INFO - [2025-04-01 23:20:51] Received upload from: device-m8ysyj3d3bgka0
2025-04-01 23:20:52,469 - INFO - [2025-04-01 23:20:52] Received upload from: device-m8ysyj3d3bgka0
2025-04-01 23:20:53,481 - INFO - [2025-04-01 23:20:53] Received upload from: device-m8ysyj3d3bgka0
2025-04-01 23:20:54,773 - INFO - [2025-04-01 23:20:54] Received upload from: device-m8ysyj3d3bgka0
2025-04-01 23:20:55,441 - INFO - [2025-04-01 23:20:55] Received upload from: device-m8ysyj3d3bgka0
2025-04-01 23:20:56,461 - INFO - [2025-04-01 23:20:56] Received upload from: device-m8ysyj3d3bgka0
2025-04-01 23:20:57,469 - INFO - [2025-04-01 23:20:57] Received upload from: device-m8ysyj3d3bgka0
2025-04-01 23:20:58,458 - INFO - [2025-04-01 23:20:58] Received upload from: device-m8ysyj3d3bgka0
2025-04-01 23:20:59,772 - INFO - [2025-04-01 23:20:59] Received upload from: device-m8ysyj3d3bgka0
2025-04-01 23:21:00,502 - INFO - [2025-04-01 23:21:00] Received upload from: device-m8ysyj3d3bgka0
2025-04-01 23:21:01,471 - INFO - [2025-04-01 23:21:01] Received upload from: device-m8ysyj3d3bgka0
2025-04-01 23:21:02,480 - INFO - [2025-04-01 23:21:02] Received upload from: device-m8ysyj3d3bgka0
2025-04-01 23:21:03,491 - INFO - [2025-04-01 23:21:03] Received upload from: device-m8ysyj3d3bgka0
2025-04-01 23:21:04,759 - INFO - [2025-04-01 23:21:04] Received upload from: device-m8ysyj3d3bgka0
2025-04-01 23:21:05,523 - INFO - [2025-04-01 23:21:05] Received upload from: device-m8ysyj3d3bgka0
2025-04-01 23:21:06,475 - INFO - [2025-04-01 23:21:06] Received upload from: device-m8ysyj3d3bgka0
2025-04-01 23:21:07,506 - INFO - [2025-04-01 23:21:07] Received upload from: device-m8ysyj3d3bgka0
2025-04-01 23:21:08,460 - INFO - [2025-04-01 23:21:08] Received upload from: device-m8ysyj3d3bgka0
2025-04-01 23:21:09,807 - INFO - [2025-04-01 23:21:09] Received upload from: device-m8ysyj3d3bgka0
2025-04-01 23:21:10,461 - INFO - [2025-04-01 23:21:10] Received upload from: device-m8ysyj3d3bgka0
2025-04-01 23:21:11,465 - INFO - [2025-04-01 23:21:11] Received upload from: device-m8ysyj3d3bgka0
2025-04-01 23:21:12,474 - INFO - [2025-04-01 23:21:12] Received upload from: device-m8ysyj3d3bgka0
2025-04-01 23:21:13,489 - INFO - [2025-04-01 23:21:13] Received upload from: device-m8ysyj3d3bgka0
2025-04-01 23:21:14,865 - INFO - [2025-04-01 23:21:14] Received upload from: device-m8ysyj3d3bgka0
2025-04-01 23:21:15,436 - INFO - [2025-04-01 23:21:15] Received upload from: device-m8ysyj3d3bgka0
2025-04-01 23:21:16,469 - INFO - [2025-04-01 23:21:16] Received upload from: device-m8ysyj3d3bgka0
2025-04-01 23:21:17,472 - INFO - [2025-04-01 23:21:17] Received upload from: device-m8ysyj3d3bgka0
2025-04-01 23:21:18,474 - INFO - [2025-04-01 23:21:18] Received upload from: device-m8ysyj3d3bgka0
2025-04-01 23:21:19,776 - INFO - [2025-04-01 23:21:19] Received upload from: device-m8ysyj3d3bgka0
2025-04-01 23:21:20,474 - INFO - [2025-04-01 23:21:20] Received upload from: device-m8ysyj3d3bgka0
2025-04-01 23:21:21,462 - INFO - [2025-04-01 23:21:21] Received upload from: device-m8ysyj3d3bgka0
2025-04-01 23:21:22,470 - INFO - [2025-04-01 23:21:22] Received upload from: device-m8ysyj3d3bgka0
2025-04-01 23:21:23,471 - INFO - [2025-04-01 23:21:23] Received upload from: device-m8ysyj3d3bgka0
2025-04-01 23:21:24,818 - INFO - [2025-04-01 23:21:24] Received upload from: device-m8ysyj3d3bgka0
2025-04-01 23:21:25,474 - INFO - [2025-04-01 23:21:25] Received upload from: device-m8ysyj3d3bgka0
2025-04-01 23:21:26,479 - INFO - [2025-04-01 23:21:26] Received upload from: device-m8ysyj3d3bgka0
2025-04-01 23:21:27,483 - INFO - [2025-04-01 23:21:27] Received upload from: device-m8ysyj3d3bgka0
2025-04-01 23:21:28,781 - INFO - [2025-04-01 23:21:28] Received upload from: device-m8ysyj3d3bgka0
2025-04-01 23:21:29,862 - INFO - [2025-04-01 23:21:29] Received upload from: device-m8ysyj3d3bgka0
2025-04-01 23:21:30,436 - INFO - [2025-04-01 23:21:30] Received upload from: device-m8ysyj3d3bgka0
2025-04-01 23:21:31,442 - INFO - [2025-04-01 23:21:31] Received upload from: device-m8ysyj3d3bgka0
2025-04-01 23:21:32,455 - INFO - [2025-04-01 23:21:32] Received upload from: device-m8ysyj3d3bgka0
2025-04-01 23:21:33,509 - INFO - [2025-04-01 23:21:33] Received upload from: device-m8ysyj3d3bgka0
2025-04-01 23:21:34,846 - INFO - [2025-04-01 23:21:34] Received upload from: device-m8ysyj3d3bgka0
2025-04-01 23:21:35,495 - INFO - [2025-04-01 23:21:35] Received upload from: device-m8ysyj3d3bgka0
2025-04-01 23:21:36,536 - INFO - [2025-04-01 23:21:36] Received upload from: device-m8ysyj3d3bgka0
2025-04-01 23:21:37,498 - INFO - [2025-04-01 23:21:37] Received upload from: device-m8ysyj3d3bgka0
2025-04-01 23:21:38,497 - INFO - [2025-04-01 23:21:38] Received upload from: device-m8ysyj3d3bgka0
2025-04-01 23:21:39,821 - INFO - [2025-04-01 23:21:39] Received upload from: device-m8ysyj3d3bgka0
2025-04-01 23:21:40,527 - INFO - [2025-04-01 23:21:40] Received upload from: device-m8ysyj3d3bgka0
2025-04-01 23:21:41,554 - INFO - [2025-04-01 23:21:41] Received upload from: device-m8ysyj3d3bgka0
2025-04-01 23:21:42,476 - INFO - [2025-04-01 23:21:42] Received upload from: device-m8ysyj3d3bgka0
2025-04-01 23:21:43,521 - INFO - [2025-04-01 23:21:43] Received upload from: device-m8ysyj3d3bgka0
2025-04-01 23:21:44,751 - INFO - [2025-04-01 23:21:44] Received upload from: device-m8ysyj3d3bgka0
2025-04-01 23:21:45,520 - INFO - [2025-04-01 23:21:45] Received upload from: device-m8ysyj3d3bgka0
2025-04-01 23:21:46,469 - INFO - [2025-04-01 23:21:46] Received upload from: device-m8ysyj3d3bgka0
2025-04-01 23:21:47,500 - INFO - [2025-04-01 23:21:47] Received upload from: device-m8ysyj3d3bgka0
2025-04-01 23:21:48,427 - INFO - [2025-04-01 23:21:48] Received upload from: device-m8ysyj3d3bgka0
2025-04-01 23:21:49,435 - INFO - [2025-04-01 23:21:49] Received upload from: device-m8ysyj3d3bgka0
2025-04-01 23:21:50,451 - INFO - [2025-04-01 23:21:50] Received upload from: device-m8ysyj3d3bgka0
2025-04-01 23:21:51,455 - INFO - [2025-04-01 23:21:51] Received upload from: device-m8ysyj3d3bgka0
2025-04-01 23:21:52,448 - INFO - [2025-04-01 23:21:52] Received upload from: device-m8ysyj3d3bgka0
2025-04-01 23:21:53,453 - INFO - [2025-04-01 23:21:53] Received upload from: device-m8ysyj3d3bgka0
2025-04-01 23:21:54,771 - INFO - [2025-04-01 23:21:54] Received upload from: device-m8ysyj3d3bgka0
2025-04-01 23:21:55,526 - INFO - [2025-04-01 23:21:55] Received upload from: device-m8ysyj3d3bgka0
2025-04-01 23:21:56,424 - INFO - [2025-04-01 23:21:56] Received upload from: device-m8ysyj3d3bgka0
2025-04-01 23:21:57,447 - INFO - [2025-04-01 23:21:57] Received upload from: device-m8ysyj3d3bgka0
2025-04-01 23:21:58,494 - INFO - [2025-04-01 23:21:58] Received upload from: device-m8ysyj3d3bgka0
2025-04-01 23:21:59,458 - INFO - [2025-04-01 23:21:59] Received upload from: device-m8ysyj3d3bgka0
2025-04-01 23:22:00,505 - INFO - [2025-04-01 23:22:00] Received upload from: device-m8ysyj3d3bgka0
2025-04-01 23:22:01,558 - INFO - [2025-04-01 23:22:01] Received upload from: device-m8ysyj3d3bgka0
2025-04-01 23:22:01,581 - INFO - [2025-04-01 23:22:01] Received upload from: device-m8ysyj3d3bgka0
2025-04-01 23:22:01,598 - INFO - [2025-04-01 23:22:01] Received upload from: device-m8ysyj3d3bgka0
2025-04-01 23:22:01,945 - INFO - [2025-04-01 23:22:01] Received upload from: device-m8ysyj3d3bgka0
2025-04-01 23:22:01,948 - INFO - [2025-04-01 23:22:01] Received upload from: device-m8ysyj3d3bgka0
2025-04-01 23:22:02,121 - INFO - [2025-04-01 23:22:02] Received upload from: device-m8ysyj3d3bgka0
2025-04-01 23:22:02,319 - INFO - [2025-04-01 23:22:02] Received upload from: device-m8ysyj3d3bgka0
2025-04-01 23:22:02,612 - INFO - [2025-04-01 23:22:02] Received upload from: device-m8ysyj3d3bgka0
2025-04-01 23:22:02,808 - INFO - [2025-04-01 23:22:02] Received upload from: device-m8ysyj3d3bgka0
2025-04-01 23:22:03,051 - INFO - [2025-04-01 23:22:03] Received upload from: device-m8ysyj3d3bgka0
2025-04-01 23:22:03,121 - INFO - [2025-04-01 23:22:03] Received upload from: device-m8ysyj3d3bgka0
2025-04-01 23:22:03,464 - INFO - [2025-04-01 23:22:03] Received upload from: device-m8ysyj3d3bgka0
2025-04-01 23:22:03,575 - INFO - [2025-04-01 23:22:03] Received upload from: device-m8ysyj3d3bgka0
2025-04-01 23:22:03,776 - INFO - [2025-04-01 23:22:03] Received upload from: device-m8ysyj3d3bgka0
2025-04-01 23:22:04,325 - INFO - [2025-04-01 23:22:04] Received upload from: device-m8ysyj3d3bgka0
2025-04-01 23:22:14,044 - ERROR - Exception in callback _ProactorBasePipeTransport._call_connection_lost(None)
handle: <Handle _ProactorBasePipeTransport._call_connection_lost(None)>
Traceback (most recent call last):
  File "C:\Users\CHRISTOPHER\AppData\Local\Programs\Python\Python312\Lib\asyncio\events.py", line 88, in _run
    self._context.run(self._callback, *self._args)
  File "C:\Users\CHRISTOPHER\AppData\Local\Programs\Python\Python312\Lib\asyncio\proactor_events.py", line 165, in _call_connection_lost
    self._sock.shutdown(socket.SHUT_RDWR)
ConnectionResetError: [WinError 10054] An existing connection was forcibly closed by the remote host
2025-04-01 23:22:14,050 - ERROR - Exception in callback _ProactorBasePipeTransport._call_connection_lost(None)
handle: <Handle _ProactorBasePipeTransport._call_connection_lost(None)>
Traceback (most recent call last):
  File "C:\Users\CHRISTOPHER\AppData\Local\Programs\Python\Python312\Lib\asyncio\events.py", line 88, in _run
    self._context.run(self._callback, *self._args)
  File "C:\Users\CHRISTOPHER\AppData\Local\Programs\Python\Python312\Lib\asyncio\proactor_events.py", line 165, in _call_connection_lost
    self._sock.shutdown(socket.SHUT_RDWR)
ConnectionResetError: [WinError 10054] An existing connection was forcibly closed by the remote host
2025-04-01 23:22:14,055 - ERROR - Exception in callback _ProactorBasePipeTransport._call_connection_lost(None)
handle: <Handle _ProactorBasePipeTransport._call_connection_lost(None)>
Traceback (most recent call last):
  File "C:\Users\CHRISTOPHER\AppData\Local\Programs\Python\Python312\Lib\asyncio\events.py", line 88, in _run
    self._context.run(self._callback, *self._args)
  File "C:\Users\CHRISTOPHER\AppData\Local\Programs\Python\Python312\Lib\asyncio\proactor_events.py", line 165, in _call_connection_lost
    self._sock.shutdown(socket.SHUT_RDWR)
ConnectionResetError: [WinError 10054] An existing connection was forcibly closed by the remote host
2025-04-01 23:22:14,061 - ERROR - Exception in callback _ProactorBasePipeTransport._call_connection_lost(None)
handle: <Handle _ProactorBasePipeTransport._call_connection_lost(None)>
Traceback (most recent call last):
  File "C:\Users\CHRISTOPHER\AppData\Local\Programs\Python\Python312\Lib\asyncio\events.py", line 88, in _run
    self._context.run(self._callback, *self._args)
  File "C:\Users\CHRISTOPHER\AppData\Local\Programs\Python\Python312\Lib\asyncio\proactor_events.py", line 165, in _call_connection_lost
    self._sock.shutdown(socket.SHUT_RDWR)
ConnectionResetError: [WinError 10054] An existing connection was forcibly closed by the remote host
2025-04-01 23:22:14,064 - ERROR - Exception in callback _ProactorBasePipeTransport._call_connection_lost(None)
handle: <Handle _ProactorBasePipeTransport._call_connection_lost(None)>
Traceback (most recent call last):
  File "C:\Users\CHRISTOPHER\AppData\Local\Programs\Python\Python312\Lib\asyncio\events.py", line 88, in _run
    self._context.run(self._callback, *self._args)
  File "C:\Users\CHRISTOPHER\AppData\Local\Programs\Python\Python312\Lib\asyncio\proactor_events.py", line 165, in _call_connection_lost
    self._sock.shutdown(socket.SHUT_RDWR)
ConnectionResetError: [WinError 10054] An existing connection was forcibly closed by the remote host
2025-04-01 23:22:14,070 - ERROR - Exception in callback _ProactorBasePipeTransport._call_connection_lost(None)
handle: <Handle _ProactorBasePipeTransport._call_connection_lost(None)>
Traceback (most recent call last):
  File "C:\Users\CHRISTOPHER\AppData\Local\Programs\Python\Python312\Lib\asyncio\events.py", line 88, in _run
    self._context.run(self._callback, *self._args)
  File "C:\Users\CHRISTOPHER\AppData\Local\Programs\Python\Python312\Lib\asyncio\proactor_events.py", line 165, in _call_connection_lost
    self._sock.shutdown(socket.SHUT_RDWR)
ConnectionResetError: [WinError 10054] An existing connection was forcibly closed by the remote host
2025-04-01 23:28:09,744 - INFO - [2025-04-01 23:28:09] Received upload from: device-m8ysyj3d3bgka0
2025-04-01 23:28:09,758 - INFO - [2025-04-01 23:28:09] Received upload from: device-m8ysyj3d3bgka0
2025-04-01 23:28:09,764 - INFO - [2025-04-01 23:28:09] Received upload from: device-m8ysyj3d3bgka0
2025-04-01 23:28:10,026 - INFO - [2025-04-01 23:28:10] Received upload from: device-m8ysyj3d3bgka0
2025-04-01 23:28:10,038 - INFO - [2025-04-01 23:28:10] Received upload from: device-m8ysyj3d3bgka0
2025-04-01 23:28:10,093 - INFO - [2025-04-01 23:28:10] Received upload from: device-m8ysyj3d3bgka0
2025-04-01 23:28:10,226 - INFO - [2025-04-01 23:28:10] Received upload from: device-m8ysyj3d3bgka0
2025-04-01 23:28:10,417 - INFO - [2025-04-01 23:28:10] Received upload from: device-m8ysyj3d3bgka0
2025-04-01 23:28:10,619 - INFO - [2025-04-01 23:28:10] Received upload from: device-m8ysyj3d3bgka0
2025-04-01 23:28:10,831 - INFO - [2025-04-01 23:28:10] Received upload from: device-m8ysyj3d3bgka0
2025-04-01 23:28:11,010 - INFO - [2025-04-01 23:28:11] Received upload from: device-m8ysyj3d3bgka0
2025-04-01 23:28:11,222 - INFO - [2025-04-01 23:28:11] Received upload from: device-m8ysyj3d3bgka0
2025-04-01 23:28:11,409 - INFO - [2025-04-01 23:28:11] Received upload from: device-m8ysyj3d3bgka0
2025-04-01 23:28:11,638 - INFO - [2025-04-01 23:28:11] Received upload from: device-m8ysyj3d3bgka0
2025-04-01 23:28:11,805 - INFO - [2025-04-01 23:28:11] Received upload from: device-m8ysyj3d3bgka0
2025-04-01 23:28:12,010 - INFO - [2025-04-01 23:28:12] Received upload from: device-m8ysyj3d3bgka0
2025-04-01 23:28:12,370 - INFO - [2025-04-01 23:28:12] Received upload from: device-m8ysyj3d3bgka0
2025-04-01 23:28:12,508 - INFO - [2025-04-01 23:28:12] Received upload from: device-m8ysyj3d3bgka0
2025-04-01 23:28:12,724 - INFO - [2025-04-01 23:28:12] Received upload from: device-m8ysyj3d3bgka0
2025-04-01 23:28:12,848 - INFO - [2025-04-01 23:28:12] Received upload from: device-m8ysyj3d3bgka0
2025-04-01 23:28:13,344 - INFO - [2025-04-01 23:28:13] Received upload from: device-m8ysyj3d3bgka0
2025-04-01 23:28:13,425 - INFO - [2025-04-01 23:28:13] Received upload from: device-m8ysyj3d3bgka0
2025-04-01 23:28:13,564 - INFO - [2025-04-01 23:28:13] Received upload from: device-m8ysyj3d3bgka0
2025-04-01 23:28:13,656 - INFO - [2025-04-01 23:28:13] Received upload from: device-m8ysyj3d3bgka0
2025-04-01 23:28:13,831 - INFO - [2025-04-01 23:28:13] Received upload from: device-m8ysyj3d3bgka0
2025-04-01 23:28:14,050 - INFO - [2025-04-01 23:28:14] Received upload from: device-m8ysyj3d3bgka0
2025-04-01 23:28:14,218 - INFO - [2025-04-01 23:28:14] Received upload from: device-m8ysyj3d3bgka0
2025-04-01 23:28:14,413 - INFO - [2025-04-01 23:28:14] Received upload from: device-m8ysyj3d3bgka0
2025-04-01 23:28:14,622 - INFO - [2025-04-01 23:28:14] Received upload from: device-m8ysyj3d3bgka0
2025-04-01 23:28:15,116 - INFO - [2025-04-01 23:28:15] Received upload from: device-m8ysyj3d3bgka0
2025-04-01 23:28:15,124 - INFO - [2025-04-01 23:28:15] Received upload from: device-m8ysyj3d3bgka0
2025-04-01 23:28:15,219 - INFO - [2025-04-01 23:28:15] Received upload from: device-m8ysyj3d3bgka0
2025-04-01 23:28:15,445 - INFO - [2025-04-01 23:28:15] Received upload from: device-m8ysyj3d3bgka0
2025-04-01 23:28:15,602 - INFO - [2025-04-01 23:28:15] Received upload from: device-m8ysyj3d3bgka0
2025-04-01 23:28:15,830 - INFO - [2025-04-01 23:28:15] Received upload from: device-m8ysyj3d3bgka0
2025-04-01 23:28:16,058 - INFO - [2025-04-01 23:28:16] Received upload from: device-m8ysyj3d3bgka0
2025-04-01 23:28:16,320 - INFO - [2025-04-01 23:28:16] Received upload from: device-m8ysyj3d3bgka0
2025-04-01 23:28:17,416 - INFO - [2025-04-01 23:28:17] Received upload from: device-m8ysyj3d3bgka0
2025-04-01 23:28:18,418 - INFO - [2025-04-01 23:28:18] Received upload from: device-m8ysyj3d3bgka0
2025-04-01 23:28:19,434 - INFO - [2025-04-01 23:28:19] Received upload from: device-m8ysyj3d3bgka0
2025-04-01 23:28:20,700 - INFO - [2025-04-01 23:28:20] Received upload from: device-m8ysyj3d3bgka0
2025-04-01 23:28:21,409 - INFO - [2025-04-01 23:28:21] Received upload from: device-m8ysyj3d3bgka0
2025-04-01 23:28:22,420 - INFO - [2025-04-01 23:28:22] Received upload from: device-m8ysyj3d3bgka0
2025-04-01 23:28:23,401 - INFO - [2025-04-01 23:28:23] Received upload from: device-m8ysyj3d3bgka0
2025-04-01 23:28:24,438 - INFO - [2025-04-01 23:28:24] Received upload from: device-m8ysyj3d3bgka0
2025-04-01 23:28:25,763 - INFO - [2025-04-01 23:28:25] Received upload from: device-m8ysyj3d3bgka0
2025-04-01 23:28:27,423 - INFO - [2025-04-01 23:28:27] Received upload from: device-m8ysyj3d3bgka0
2025-04-01 23:28:28,420 - INFO - [2025-04-01 23:28:28] Received upload from: device-m8ysyj3d3bgka0
2025-04-01 23:28:29,441 - INFO - [2025-04-01 23:28:29] Received upload from: device-m8ysyj3d3bgka0
2025-04-01 23:28:30,761 - INFO - [2025-04-01 23:28:30] Received upload from: device-m8ysyj3d3bgka0
2025-04-01 23:28:31,094 - INFO - [2025-04-01 23:28:31] Received upload from: device-m8ysyj3d3bgka0
2025-04-01 23:28:31,127 - INFO - [2025-04-01 23:28:31] Received upload from: device-m8ysyj3d3bgka0
2025-04-01 23:28:31,226 - INFO - [2025-04-01 23:28:31] Received upload from: device-m8ysyj3d3bgka0
2025-04-01 23:28:31,407 - INFO - [2025-04-01 23:28:31] Received upload from: device-m8ysyj3d3bgka0
2025-04-01 23:28:31,618 - INFO - [2025-04-01 23:28:31] Received upload from: device-m8ysyj3d3bgka0
2025-04-01 23:28:31,809 - INFO - [2025-04-01 23:28:31] Received upload from: device-m8ysyj3d3bgka0
2025-04-01 23:28:32,024 - INFO - [2025-04-01 23:28:32] Received upload from: device-m8ysyj3d3bgka0
2025-04-01 23:28:32,221 - INFO - [2025-04-01 23:28:32] Received upload from: device-m8ysyj3d3bgka0
2025-04-01 23:28:32,415 - INFO - [2025-04-01 23:28:32] Received upload from: device-m8ysyj3d3bgka0
2025-04-01 23:28:32,615 - INFO - [2025-04-01 23:28:32] Received upload from: device-m8ysyj3d3bgka0
2025-04-01 23:28:32,808 - INFO - [2025-04-01 23:28:32] Received upload from: device-m8ysyj3d3bgka0
2025-04-01 23:28:33,058 - INFO - [2025-04-01 23:28:33] Received upload from: device-m8ysyj3d3bgka0
2025-04-01 23:28:33,220 - INFO - [2025-04-01 23:28:33] Received upload from: device-m8ysyj3d3bgka0
2025-04-01 23:28:33,408 - INFO - [2025-04-01 23:28:33] Received upload from: device-m8ysyj3d3bgka0
2025-04-01 23:28:33,611 - INFO - [2025-04-01 23:28:33] Received upload from: device-m8ysyj3d3bgka0
2025-04-01 23:28:33,829 - INFO - [2025-04-01 23:28:33] Received upload from: device-m8ysyj3d3bgka0
2025-04-01 23:33:18,660 - INFO - [2025-04-01 23:33:18] Received upload from: device-m8ysyj3d3bgka0
2025-04-01 23:33:18,705 - INFO - [2025-04-01 23:33:18] Received upload from: device-m8ysyj3d3bgka0
2025-04-01 23:33:18,970 - INFO - [2025-04-01 23:33:18] Received upload from: device-m8ysyj3d3bgka0
2025-04-01 23:33:19,015 - INFO - [2025-04-01 23:33:19] Received upload from: device-m8ysyj3d3bgka0
2025-04-01 23:33:19,116 - INFO - [2025-04-01 23:33:19] Received upload from: device-m8ysyj3d3bgka0
2025-04-01 23:33:19,163 - INFO - [2025-04-01 23:33:19] Received upload from: device-m8ysyj3d3bgka0
2025-04-01 23:33:19,218 - INFO - [2025-04-01 23:33:19] Received upload from: device-m8ysyj3d3bgka0
2025-04-01 23:33:19,294 - INFO - [2025-04-01 23:33:19] Received upload from: device-m8ysyj3d3bgka0
2025-04-01 23:33:20,706 - INFO - [2025-04-01 23:33:20] Received upload from: device-m8ysyj3d3bgka0
2025-04-01 23:33:21,413 - INFO - [2025-04-01 23:33:21] Received upload from: device-m8ysyj3d3bgka0
2025-04-01 23:33:22,438 - INFO - [2025-04-01 23:33:22] Received upload from: device-m8ysyj3d3bgka0
2025-04-01 23:33:23,425 - INFO - [2025-04-01 23:33:23] Received upload from: device-m8ysyj3d3bgka0
2025-04-01 23:33:23,520 - INFO - [2025-04-01 23:33:23] Received upload from: device-m8ysyj3d3bgka0
2025-04-01 23:33:23,676 - INFO - [2025-04-01 23:33:23] Received upload from: device-m8ysyj3d3bgka0
2025-04-01 23:33:23,934 - INFO - [2025-04-01 23:33:23] Received upload from: device-m8ysyj3d3bgka0
2025-04-01 23:33:24,098 - INFO - [2025-04-01 23:33:24] Received upload from: device-m8ysyj3d3bgka0
2025-04-01 23:33:24,314 - INFO - [2025-04-01 23:33:24] Received upload from: device-m8ysyj3d3bgka0
2025-04-01 23:33:24,482 - INFO - [2025-04-01 23:33:24] Received upload from: device-m8ysyj3d3bgka0
2025-04-01 23:33:24,726 - INFO - [2025-04-01 23:33:24] Received upload from: device-m8ysyj3d3bgka0
2025-04-01 23:33:24,908 - INFO - [2025-04-01 23:33:24] Received upload from: device-m8ysyj3d3bgka0
2025-04-01 23:33:25,128 - INFO - [2025-04-01 23:33:25] Received upload from: device-m8ysyj3d3bgka0
2025-04-01 23:33:25,615 - INFO - [2025-04-01 23:33:25] Received upload from: device-m8ysyj3d3bgka0
2025-04-01 23:33:25,632 - INFO - [2025-04-01 23:33:25] Received upload from: device-m8ysyj3d3bgka0
2025-04-01 23:33:25,698 - INFO - [2025-04-01 23:33:25] Received upload from: device-m8ysyj3d3bgka0
2025-04-01 23:37:43,287 - INFO - [2025-04-01 23:37:43] Received upload from: device-m8ysyj3d3bgka0
2025-04-01 23:37:43,309 - INFO - [2025-04-01 23:37:43] Received upload from: device-m8ysyj3d3bgka0
2025-04-01 23:37:43,312 - INFO - [2025-04-01 23:37:43] Received upload from: device-m8ysyj3d3bgka0
2025-04-01 23:37:43,403 - INFO - [2025-04-01 23:37:43] Received upload from: device-m8ysyj3d3bgka0
2025-04-01 23:37:43,563 - INFO - [2025-04-01 23:37:43] Received upload from: device-m8ysyj3d3bgka0
2025-04-01 23:37:43,760 - INFO - [2025-04-01 23:37:43] Received upload from: device-m8ysyj3d3bgka0
2025-04-01 23:37:43,966 - INFO - [2025-04-01 23:37:43] Received upload from: device-m8ysyj3d3bgka0
2025-04-01 23:37:44,154 - INFO - [2025-04-01 23:37:44] Received upload from: device-m8ysyj3d3bgka0
2025-04-01 23:37:44,407 - INFO - [2025-04-01 23:37:44] Received upload from: device-m8ysyj3d3bgka0
2025-04-01 23:37:44,554 - INFO - [2025-04-01 23:37:44] Received upload from: device-m8ysyj3d3bgka0
2025-04-01 23:37:44,750 - INFO - [2025-04-01 23:37:44] Received upload from: device-m8ysyj3d3bgka0
2025-04-01 23:37:44,972 - INFO - [2025-04-01 23:37:44] Received upload from: device-m8ysyj3d3bgka0
2025-04-01 23:37:45,158 - INFO - [2025-04-01 23:37:45] Received upload from: device-m8ysyj3d3bgka0
2025-04-01 23:37:45,395 - INFO - [2025-04-01 23:37:45] Received upload from: device-m8ysyj3d3bgka0
2025-04-01 23:37:45,574 - INFO - [2025-04-01 23:37:45] Received upload from: device-m8ysyj3d3bgka0
2025-04-01 23:37:46,077 - INFO - [2025-04-01 23:37:46] Received upload from: device-m8ysyj3d3bgka0
2025-04-01 23:37:46,094 - INFO - [2025-04-01 23:37:46] Received upload from: device-m8ysyj3d3bgka0
2025-04-01 23:37:46,206 - INFO - [2025-04-01 23:37:46] Received upload from: device-m8ysyj3d3bgka0
2025-04-01 23:37:46,350 - INFO - [2025-04-01 23:37:46] Received upload from: device-m8ysyj3d3bgka0
2025-04-01 23:37:46,569 - INFO - [2025-04-01 23:37:46] Received upload from: device-m8ysyj3d3bgka0
2025-04-01 23:37:46,758 - INFO - [2025-04-01 23:37:46] Received upload from: device-m8ysyj3d3bgka0
2025-04-01 23:37:46,959 - INFO - [2025-04-01 23:37:46] Received upload from: device-m8ysyj3d3bgka0
2025-04-01 23:37:47,159 - INFO - [2025-04-01 23:37:47] Received upload from: device-m8ysyj3d3bgka0
2025-04-01 23:37:47,359 - INFO - [2025-04-01 23:37:47] Received upload from: device-m8ysyj3d3bgka0
2025-04-01 23:37:47,559 - INFO - [2025-04-01 23:37:47] Received upload from: device-m8ysyj3d3bgka0
2025-04-01 23:37:47,749 - INFO - [2025-04-01 23:37:47] Received upload from: device-m8ysyj3d3bgka0
2025-04-01 23:37:48,116 - INFO - [2025-04-01 23:37:48] Received upload from: device-m8ysyj3d3bgka0
2025-04-01 23:37:48,421 - INFO - [2025-04-01 23:37:48] Received upload from: device-m8ysyj3d3bgka0
2025-04-01 23:37:49,508 - INFO - [2025-04-01 23:37:49] Received upload from: device-m8ysyj3d3bgka0
2025-04-01 23:37:49,665 - INFO - [2025-04-01 23:37:49] Received upload from: device-m8ysyj3d3bgka0
2025-04-01 23:37:49,762 - INFO - [2025-04-01 23:37:49] Received upload from: device-m8ysyj3d3bgka0
2025-04-01 23:37:49,997 - INFO - [2025-04-01 23:37:49] Received upload from: device-m8ysyj3d3bgka0
2025-04-01 23:37:50,158 - INFO - [2025-04-01 23:37:50] Received upload from: device-m8ysyj3d3bgka0
2025-04-01 23:37:50,352 - INFO - [2025-04-01 23:37:50] Received upload from: device-m8ysyj3d3bgka0
2025-04-01 23:37:50,563 - INFO - [2025-04-01 23:37:50] Received upload from: device-m8ysyj3d3bgka0
2025-04-01 23:37:53,960 - INFO - [2025-04-01 23:37:53] Received upload from: device-m8ysyj3d3bgka0
2025-04-01 23:37:54,147 - INFO - [2025-04-01 23:37:54] Received upload from: device-m8ysyj3d3bgka0
2025-04-01 23:37:54,368 - INFO - [2025-04-01 23:37:54] Received upload from: device-m8ysyj3d3bgka0
2025-04-01 23:37:54,566 - INFO - [2025-04-01 23:37:54] Received upload from: device-m8ysyj3d3bgka0
2025-04-01 23:37:54,755 - INFO - [2025-04-01 23:37:54] Received upload from: device-m8ysyj3d3bgka0
2025-04-01 23:37:54,956 - INFO - [2025-04-01 23:37:54] Received upload from: device-m8ysyj3d3bgka0
2025-04-01 23:37:55,161 - INFO - [2025-04-01 23:37:55] Received upload from: device-m8ysyj3d3bgka0
2025-04-01 23:37:55,367 - INFO - [2025-04-01 23:37:55] Received upload from: device-m8ysyj3d3bgka0
2025-04-01 23:37:55,550 - INFO - [2025-04-01 23:37:55] Received upload from: device-m8ysyj3d3bgka0
2025-04-01 23:37:56,060 - INFO - [2025-04-01 23:37:56] Received upload from: device-m8ysyj3d3bgka0
2025-04-01 23:37:56,062 - INFO - [2025-04-01 23:37:56] Received upload from: device-m8ysyj3d3bgka0
2025-04-01 23:37:56,184 - INFO - [2025-04-01 23:37:56] Received upload from: device-m8ysyj3d3bgka0
2025-04-01 23:37:56,347 - INFO - [2025-04-01 23:37:56] Received upload from: device-m8ysyj3d3bgka0
2025-04-01 23:37:56,553 - INFO - [2025-04-01 23:37:56] Received upload from: device-m8ysyj3d3bgka0
2025-04-01 23:37:56,763 - INFO - [2025-04-01 23:37:56] Received upload from: device-m8ysyj3d3bgka0
2025-04-01 23:37:56,949 - INFO - [2025-04-01 23:37:56] Received upload from: device-m8ysyj3d3bgka0
2025-04-01 23:37:57,159 - INFO - [2025-04-01 23:37:57] Received upload from: device-m8ysyj3d3bgka0
2025-04-01 23:37:57,348 - INFO - [2025-04-01 23:37:57] Received upload from: device-m8ysyj3d3bgka0
2025-04-01 23:37:57,553 - INFO - [2025-04-01 23:37:57] Received upload from: device-m8ysyj3d3bgka0
2025-04-01 23:37:57,747 - INFO - [2025-04-01 23:37:57] Received upload from: device-m8ysyj3d3bgka0
2025-04-01 23:37:57,971 - INFO - [2025-04-01 23:37:57] Received upload from: device-m8ysyj3d3bgka0
2025-04-01 23:37:58,252 - INFO - [2025-04-01 23:37:58] Received upload from: device-m8ysyj3d3bgka0
2025-04-01 23:37:58,404 - INFO - [2025-04-01 23:37:58] Received upload from: device-m8ysyj3d3bgka0
2025-04-01 23:37:59,437 - INFO - [2025-04-01 23:37:59] Received upload from: device-m8ysyj3d3bgka0
2025-04-01 23:38:00,415 - INFO - [2025-04-01 23:38:00] Received upload from: device-m8ysyj3d3bgka0
2025-04-01 23:38:01,734 - INFO - [2025-04-01 23:38:01] Received upload from: device-m8ysyj3d3bgka0
2025-04-01 23:38:02,404 - INFO - [2025-04-01 23:38:02] Received upload from: device-m8ysyj3d3bgka0
2025-04-01 23:38:02,640 - INFO - [2025-04-01 23:38:02] Received upload from: device-m8ysyj3d3bgka0
2025-04-01 23:38:02,769 - INFO - [2025-04-01 23:38:02] Received upload from: device-m8ysyj3d3bgka0
2025-04-01 23:38:02,950 - INFO - [2025-04-01 23:38:02] Received upload from: device-m8ysyj3d3bgka0
2025-04-01 23:38:03,162 - INFO - [2025-04-01 23:38:03] Received upload from: device-m8ysyj3d3bgka0
2025-04-01 23:38:03,366 - INFO - [2025-04-01 23:38:03] Received upload from: device-m8ysyj3d3bgka0
2025-04-01 23:38:03,554 - INFO - [2025-04-01 23:38:03] Received upload from: device-m8ysyj3d3bgka0
2025-04-01 23:38:03,759 - INFO - [2025-04-01 23:38:03] Received upload from: device-m8ysyj3d3bgka0
2025-04-01 23:38:03,949 - INFO - [2025-04-01 23:38:03] Received upload from: device-m8ysyj3d3bgka0
2025-04-01 23:38:04,156 - INFO - [2025-04-01 23:38:04] Received upload from: device-m8ysyj3d3bgka0
2025-04-01 23:54:26,185 - INFO - [2025-04-01 23:54:26] Received upload from: device-m8z3hn4jvjn1ou
2025-04-01 23:54:26,368 - INFO - [2025-04-01 23:54:26] Received upload from: device-m8z3hn4jvjn1ou
2025-04-01 23:54:26,459 - INFO - [2025-04-01 23:54:26] Received upload from: device-m8z3hn4jvjn1ou
2025-04-01 23:54:26,697 - INFO - [2025-04-01 23:54:26] Received upload from: device-m8z3hn4jvjn1ou
2025-04-01 23:54:26,853 - INFO - [2025-04-01 23:54:26] Received upload from: device-m8z3hn4jvjn1ou
2025-04-01 23:54:27,050 - INFO - [2025-04-01 23:54:27] Received upload from: device-m8z3hn4jvjn1ou
2025-04-01 23:54:27,260 - INFO - [2025-04-01 23:54:27] Received upload from: device-m8z3hn4jvjn1ou
2025-04-01 23:54:27,440 - INFO - [2025-04-01 23:54:27] Received upload from: device-m8z3hn4jvjn1ou
2025-04-01 23:54:27,644 - INFO - [2025-04-01 23:54:27] Received upload from: device-m8z3hn4jvjn1ou
2025-04-01 23:54:27,852 - INFO - [2025-04-01 23:54:27] Received upload from: device-m8z3hn4jvjn1ou
2025-04-01 23:54:28,039 - INFO - [2025-04-01 23:54:28] Received upload from: device-m8z3hn4jvjn1ou
2025-04-01 23:54:28,563 - INFO - [2025-04-01 23:54:28] Received upload from: device-m8z3hn4jvjn1ou
2025-04-01 23:54:28,579 - INFO - [2025-04-01 23:54:28] Received upload from: device-m8z3hn4jvjn1ou
2025-04-01 23:54:28,645 - INFO - [2025-04-01 23:54:28] Received upload from: device-m8z3hn4jvjn1ou
2025-04-01 23:54:28,851 - INFO - [2025-04-01 23:54:28] Received upload from: device-m8z3hn4jvjn1ou
2025-04-01 23:54:29,047 - INFO - [2025-04-01 23:54:29] Received upload from: device-m8z3hn4jvjn1ou
2025-04-01 23:54:29,235 - INFO - [2025-04-01 23:54:29] Received upload from: device-m8z3hn4jvjn1ou
2025-04-01 23:54:29,443 - INFO - [2025-04-01 23:54:29] Received upload from: device-m8z3hn4jvjn1ou
2025-04-01 23:54:29,785 - INFO - [2025-04-01 23:54:29] Received upload from: device-m8z3hn4jvjn1ou
2025-04-01 23:54:29,853 - INFO - [2025-04-01 23:54:29] Received upload from: device-m8z3hn4jvjn1ou
2025-04-01 23:54:30,402 - INFO - [2025-04-01 23:54:30] Received upload from: device-m8z3hn4jvjn1ou
2025-04-01 23:54:31,438 - INFO - [2025-04-01 23:54:31] Received upload from: device-m8z3hn4jvjn1ou
2025-04-01 23:54:32,416 - INFO - [2025-04-01 23:54:32] Received upload from: device-m8z3hn4jvjn1ou
2025-04-01 23:54:33,739 - INFO - [2025-04-01 23:54:33] Received upload from: device-m8z3hn4jvjn1ou
2025-04-01 23:54:34,406 - INFO - [2025-04-01 23:54:34] Received upload from: device-m8z3hn4jvjn1ou
2025-04-01 23:54:35,426 - INFO - [2025-04-01 23:54:35] Received upload from: device-m8z3hn4jvjn1ou
2025-04-01 23:54:36,454 - INFO - [2025-04-01 23:54:36] Received upload from: device-m8z3hn4jvjn1ou
2025-04-01 23:54:37,424 - INFO - [2025-04-01 23:54:37] Received upload from: device-m8z3hn4jvjn1ou
2025-04-01 23:54:38,742 - INFO - [2025-04-01 23:54:38] Received upload from: device-m8z3hn4jvjn1ou
2025-04-01 23:54:39,405 - INFO - [2025-04-01 23:54:39] Received upload from: device-m8z3hn4jvjn1ou
2025-04-01 23:54:41,401 - INFO - [2025-04-01 23:54:41] Received upload from: device-m8z3hn4jvjn1ou
2025-04-01 23:54:42,423 - INFO - [2025-04-01 23:54:42] Received upload from: device-m8z3hn4jvjn1ou
2025-04-01 23:54:43,732 - INFO - [2025-04-01 23:54:43] Received upload from: device-m8z3hn4jvjn1ou
2025-04-01 23:54:44,551 - INFO - [2025-04-01 23:54:44] Received upload from: device-m8z3hn4jvjn1ou
2025-04-01 23:54:44,580 - INFO - [2025-04-01 23:54:44] Received upload from: device-m8z3hn4jvjn1ou
2025-04-01 23:54:44,602 - INFO - [2025-04-01 23:54:44] Received upload from: device-m8z3hn4jvjn1ou
2025-04-01 23:54:44,659 - INFO - [2025-04-01 23:54:44] Received upload from: device-m8z3hn4jvjn1ou
2025-04-01 23:54:44,855 - INFO - [2025-04-01 23:54:44] Received upload from: device-m8z3hn4jvjn1ou
2025-04-01 23:54:45,077 - INFO - [2025-04-01 23:54:45] Received upload from: device-m8z3hn4jvjn1ou
2025-04-01 23:54:45,252 - INFO - [2025-04-01 23:54:45] Received upload from: device-m8z3hn4jvjn1ou
2025-04-01 23:54:45,461 - INFO - [2025-04-01 23:54:45] Received upload from: device-m8z3hn4jvjn1ou
2025-04-01 23:54:45,664 - INFO - [2025-04-01 23:54:45] Received upload from: device-m8z3hn4jvjn1ou
2025-04-01 23:54:45,857 - INFO - [2025-04-01 23:54:45] Received upload from: device-m8z3hn4jvjn1ou
2025-04-01 23:54:46,041 - INFO - [2025-04-01 23:54:46] Received upload from: device-m8z3hn4jvjn1ou
2025-04-01 23:54:46,245 - INFO - [2025-04-01 23:54:46] Received upload from: device-m8z3hn4jvjn1ou
2025-04-01 23:54:46,455 - INFO - [2025-04-01 23:54:46] Received upload from: device-m8z3hn4jvjn1ou
2025-04-01 23:54:46,642 - INFO - [2025-04-01 23:54:46] Received upload from: device-m8z3hn4jvjn1ou
2025-04-01 23:54:46,852 - INFO - [2025-04-01 23:54:46] Received upload from: device-m8z3hn4jvjn1ou
2025-04-01 23:54:47,053 - INFO - [2025-04-01 23:54:47] Received upload from: device-m8z3hn4jvjn1ou
2025-04-01 23:54:47,251 - INFO - [2025-04-01 23:54:47] Received upload from: device-m8z3hn4jvjn1ou
2025-04-01 23:54:47,449 - INFO - [2025-04-01 23:54:47] Received upload from: device-m8z3hn4jvjn1ou
2025-04-01 23:54:47,639 - INFO - [2025-04-01 23:54:47] Received upload from: device-m8z3hn4jvjn1ou
2025-04-01 23:54:47,847 - INFO - [2025-04-01 23:54:47] Received upload from: device-m8z3hn4jvjn1ou
2025-04-01 23:54:48,049 - INFO - [2025-04-01 23:54:48] Received upload from: device-m8z3hn4jvjn1ou
2025-04-01 23:54:48,560 - INFO - [2025-04-01 23:54:48] Received upload from: device-m8z3hn4jvjn1ou
2025-04-01 23:54:48,597 - INFO - [2025-04-01 23:54:48] Received upload from: device-m8z3hn4jvjn1ou
2025-04-01 23:54:48,651 - INFO - [2025-04-01 23:54:48] Received upload from: device-m8z3hn4jvjn1ou
2025-04-01 23:54:49,662 - INFO - [2025-04-01 23:54:49] Received upload from: device-m8z3hn4jvjn1ou
2025-04-01 23:54:50,404 - INFO - [2025-04-01 23:54:50] Received upload from: device-m8z3hn4jvjn1ou
2025-04-01 23:54:51,419 - INFO - [2025-04-01 23:54:51] Received upload from: device-m8z3hn4jvjn1ou
2025-04-01 23:54:52,429 - INFO - [2025-04-01 23:54:52] Received upload from: device-m8z3hn4jvjn1ou
2025-04-01 23:54:53,724 - INFO - [2025-04-01 23:54:53] Received upload from: device-m8z3hn4jvjn1ou
2025-04-01 23:54:54,409 - INFO - [2025-04-01 23:54:54] Received upload from: device-m8z3hn4jvjn1ou
2025-04-01 23:54:55,414 - INFO - [2025-04-01 23:54:55] Received upload from: device-m8z3hn4jvjn1ou
2025-04-01 23:54:56,975 - INFO - [2025-04-01 23:54:56] Received upload from: device-m8z3hn4jvjn1ou
2025-04-01 23:54:57,511 - INFO - [2025-04-01 23:54:57] Received upload from: device-m8z3hn4jvjn1ou
2025-04-01 23:54:58,806 - INFO - [2025-04-01 23:54:58] Received upload from: device-m8z3hn4jvjn1ou
2025-04-01 23:54:59,482 - INFO - [2025-04-01 23:54:59] Received upload from: device-m8z3hn4jvjn1ou
2025-04-01 23:54:59,505 - INFO - [2025-04-01 23:54:59] Received upload from: device-m8z3hn4jvjn1ou
2025-04-01 23:54:59,887 - INFO - [2025-04-01 23:54:59] Received upload from: device-m8z3hn4jvjn1ou
2025-04-01 23:54:59,896 - INFO - [2025-04-01 23:54:59] Received upload from: device-m8z3hn4jvjn1ou
2025-04-01 23:55:00,096 - INFO - [2025-04-01 23:55:00] Received upload from: device-m8z3hn4jvjn1ou
2025-04-01 23:55:00,246 - INFO - [2025-04-01 23:55:00] Received upload from: device-m8z3hn4jvjn1ou
2025-04-01 23:55:00,454 - INFO - [2025-04-01 23:55:00] Received upload from: device-m8z3hn4jvjn1ou
2025-04-01 23:55:00,648 - INFO - [2025-04-01 23:55:00] Received upload from: device-m8z3hn4jvjn1ou
2025-04-01 23:55:00,851 - INFO - [2025-04-01 23:55:00] Received upload from: device-m8z3hn4jvjn1ou
2025-04-01 23:55:01,042 - INFO - [2025-04-01 23:55:01] Received upload from: device-m8z3hn4jvjn1ou
2025-04-01 23:55:01,245 - INFO - [2025-04-01 23:55:01] Received upload from: device-m8z3hn4jvjn1ou
2025-04-02 00:20:49,693 - INFO - [2025-04-02 00:20:49] Received upload from: device-m8z4fm0fxg3oeu
2025-04-02 00:20:49,825 - INFO - [2025-04-02 00:20:49] Received upload from: device-m8z4fm0fxg3oeu
2025-04-02 00:20:50,020 - INFO - [2025-04-02 00:20:50] Received upload from: device-m8z4fm0fxg3oeu
2025-04-02 00:20:50,228 - INFO - [2025-04-02 00:20:50] Received upload from: device-m8z4fm0fxg3oeu
2025-04-02 00:20:50,431 - INFO - [2025-04-02 00:20:50] Received upload from: device-m8z4fm0fxg3oeu
2025-04-02 00:20:50,964 - INFO - [2025-04-02 00:20:50] Received upload from: device-m8z4fm0fxg3oeu
2025-04-02 00:20:50,967 - INFO - [2025-04-02 00:20:50] Received upload from: device-m8z4fm0fxg3oeu
2025-04-02 00:20:51,022 - INFO - [2025-04-02 00:20:51] Received upload from: device-m8z4fm0fxg3oeu
2025-04-02 00:20:51,212 - INFO - [2025-04-02 00:20:51] Received upload from: device-m8z4fm0fxg3oeu
2025-04-02 00:20:51,411 - INFO - [2025-04-02 00:20:51] Received upload from: device-m8z4fm0fxg3oeu
2025-04-02 00:20:51,608 - INFO - [2025-04-02 00:20:51] Received upload from: device-m8z4fm0fxg3oeu
2025-04-02 00:20:51,812 - INFO - [2025-04-02 00:20:51] Received upload from: device-m8z4fm0fxg3oeu
2025-04-02 00:20:52,014 - INFO - [2025-04-02 00:20:52] Received upload from: device-m8z4fm0fxg3oeu
2025-04-02 00:20:52,215 - INFO - [2025-04-02 00:20:52] Received upload from: device-m8z4fm0fxg3oeu
2025-04-02 00:20:52,437 - INFO - [2025-04-02 00:20:52] Received upload from: device-m8z4fm0fxg3oeu
2025-04-02 00:20:52,621 - INFO - [2025-04-02 00:20:52] Received upload from: device-m8z4fm0fxg3oeu
2025-04-02 00:20:52,811 - INFO - [2025-04-02 00:20:52] Received upload from: device-m8z4fm0fxg3oeu
2025-04-02 00:20:53,032 - INFO - [2025-04-02 00:20:53] Received upload from: device-m8z4fm0fxg3oeu
2025-04-02 00:20:53,229 - INFO - [2025-04-02 00:20:53] Received upload from: device-m8z4fm0fxg3oeu
2025-04-02 00:20:53,463 - INFO - [2025-04-02 00:20:53] Received upload from: device-m8z4fm0fxg3oeu
2025-04-02 00:20:53,622 - INFO - [2025-04-02 00:20:53] Received upload from: device-m8z4fm0fxg3oeu
2025-04-02 00:20:53,862 - INFO - [2025-04-02 00:20:53] Received upload from: device-m8z4fm0fxg3oeu
2025-04-02 00:20:54,042 - INFO - [2025-04-02 00:20:54] Received upload from: device-m8z4fm0fxg3oeu
2025-04-02 00:20:54,225 - INFO - [2025-04-02 00:20:54] Received upload from: device-m8z4fm0fxg3oeu
2025-04-02 00:20:54,416 - INFO - [2025-04-02 00:20:54] Received upload from: device-m8z4fm0fxg3oeu
2025-04-02 00:20:54,644 - INFO - [2025-04-02 00:20:54] Received upload from: device-m8z4fm0fxg3oeu
2025-04-02 00:20:54,910 - INFO - [2025-04-02 00:20:54] Received upload from: device-m8z4fm0fxg3oeu
2025-04-02 00:20:55,422 - INFO - [2025-04-02 00:20:55] Received upload from: device-m8z4fm0fxg3oeu
2025-04-02 00:20:56,728 - INFO - [2025-04-02 00:20:56] Received upload from: device-m8z4fm0fxg3oeu
2025-04-02 00:20:57,437 - INFO - [2025-04-02 00:20:57] Received upload from: device-m8z4fm0fxg3oeu
2025-04-02 00:20:58,408 - INFO - [2025-04-02 00:20:58] Received upload from: device-m8z4fm0fxg3oeu
2025-04-02 00:20:59,247 - INFO - [2025-04-02 00:20:59] Received upload from: device-m8z4fm0fxg3oeu
2025-04-02 00:20:59,429 - INFO - [2025-04-02 00:20:59] Received upload from: device-m8z4fm0fxg3oeu
2025-04-02 00:20:59,640 - INFO - [2025-04-02 00:20:59] Received upload from: device-m8z4fm0fxg3oeu
2025-04-02 00:20:59,819 - INFO - [2025-04-02 00:20:59] Received upload from: device-m8z4fm0fxg3oeu
2025-04-02 00:21:00,019 - INFO - [2025-04-02 00:21:00] Received upload from: device-m8z4fm0fxg3oeu
2025-04-02 00:21:00,215 - INFO - [2025-04-02 00:21:00] Received upload from: device-m8z4fm0fxg3oeu
2025-04-02 00:21:00,421 - INFO - [2025-04-02 00:21:00] Received upload from: device-m8z4fm0fxg3oeu
2025-04-02 00:21:00,635 - INFO - [2025-04-02 00:21:00] Received upload from: device-m8z4fm0fxg3oeu
2025-04-02 00:21:00,831 - INFO - [2025-04-02 00:21:00] Received upload from: device-m8z4fm0fxg3oeu
2025-04-02 00:21:01,021 - INFO - [2025-04-02 00:21:01] Received upload from: device-m8z4fm0fxg3oeu
2025-04-02 00:21:01,229 - INFO - [2025-04-02 00:21:01] Received upload from: device-m8z4fm0fxg3oeu
2025-04-02 00:21:01,453 - INFO - [2025-04-02 00:21:01] Received upload from: device-m8z4fm0fxg3oeu
2025-04-02 00:21:01,724 - INFO - [2025-04-02 00:21:01] Received upload from: device-m8z4fm0fxg3oeu
2025-04-02 00:21:02,076 - INFO - [2025-04-02 00:21:02] Received upload from: device-m8z4fm0fxg3oeu
2025-04-02 00:21:02,125 - INFO - [2025-04-02 00:21:02] Received upload from: device-m8z4fm0fxg3oeu
2025-04-02 00:21:02,231 - INFO - [2025-04-02 00:21:02] Received upload from: device-m8z4fm0fxg3oeu
2025-04-02 00:21:02,420 - INFO - [2025-04-02 00:21:02] Received upload from: device-m8z4fm0fxg3oeu
2025-04-02 00:21:02,620 - INFO - [2025-04-02 00:21:02] Received upload from: device-m8z4fm0fxg3oeu
2025-04-02 00:21:02,810 - INFO - [2025-04-02 00:21:02] Received upload from: device-m8z4fm0fxg3oeu
2025-04-02 00:23:43,204 - INFO - [2025-04-02 00:23:43] Received upload from: device-m8z4jhqjx31cka
2025-04-02 00:23:43,396 - INFO - [2025-04-02 00:23:43] Received upload from: device-m8z4jhqjx31cka
2025-04-02 00:23:43,570 - INFO - [2025-04-02 00:23:43] Received upload from: device-m8z4jhqjx31cka
2025-04-02 00:23:43,774 - INFO - [2025-04-02 00:23:43] Received upload from: device-m8z4jhqjx31cka
2025-04-02 00:23:43,977 - INFO - [2025-04-02 00:23:43] Received upload from: device-m8z4jhqjx31cka
2025-04-02 00:23:44,177 - INFO - [2025-04-02 00:23:44] Received upload from: device-m8z4jhqjx31cka
2025-04-02 00:23:44,371 - INFO - [2025-04-02 00:23:44] Received upload from: device-m8z4jhqjx31cka
2025-04-02 00:23:44,584 - INFO - [2025-04-02 00:23:44] Received upload from: device-m8z4jhqjx31cka
2025-04-02 00:23:44,779 - INFO - [2025-04-02 00:23:44] Received upload from: device-m8z4jhqjx31cka
2025-04-02 00:23:44,977 - INFO - [2025-04-02 00:23:44] Received upload from: device-m8z4jhqjx31cka
2025-04-02 00:23:45,188 - INFO - [2025-04-02 00:23:45] Received upload from: device-m8z4jhqjx31cka
2025-04-02 00:23:45,408 - INFO - [2025-04-02 00:23:45] Received upload from: device-m8z4jhqjx31cka
2025-04-02 00:23:46,954 - INFO - [2025-04-02 00:23:46] Received upload from: device-m8z4jhqjx31cka
2025-04-02 00:23:47,412 - INFO - [2025-04-02 00:23:47] Received upload from: device-m8z4jhqjx31cka
2025-04-02 00:23:48,439 - INFO - [2025-04-02 00:23:48] Received upload from: device-m8z4jhqjx31cka
2025-04-02 00:23:49,438 - INFO - [2025-04-02 00:23:49] Received upload from: device-m8z4jhqjx31cka
2025-04-02 00:23:50,452 - INFO - [2025-04-02 00:23:50] Received upload from: device-m8z4jhqjx31cka
2025-04-02 00:23:51,751 - INFO - [2025-04-02 00:23:51] Received upload from: device-m8z4jhqjx31cka
2025-04-02 00:23:52,431 - INFO - [2025-04-02 00:23:52] Received upload from: device-m8z4jhqjx31cka
2025-04-02 00:23:53,416 - INFO - [2025-04-02 00:23:53] Received upload from: device-m8z4jhqjx31cka
2025-04-02 00:23:54,520 - INFO - [2025-04-02 00:23:54] Received upload from: device-m8z4jhqjx31cka
2025-04-02 00:23:54,828 - INFO - [2025-04-02 00:23:54] Received upload from: device-m8z4jhqjx31cka
2025-04-02 00:23:54,841 - INFO - [2025-04-02 00:23:54] Received upload from: device-m8z4jhqjx31cka
2025-04-02 00:23:54,856 - INFO - [2025-04-02 00:23:54] Received upload from: device-m8z4jhqjx31cka
2025-04-02 00:23:54,979 - INFO - [2025-04-02 00:23:54] Received upload from: device-m8z4jhqjx31cka
2025-04-02 00:23:55,171 - INFO - [2025-04-02 00:23:55] Received upload from: device-m8z4jhqjx31cka
2025-04-02 00:23:55,372 - INFO - [2025-04-02 00:23:55] Received upload from: device-m8z4jhqjx31cka
2025-04-02 00:23:55,601 - INFO - [2025-04-02 00:23:55] Received upload from: device-m8z4jhqjx31cka
2025-04-02 00:23:55,792 - INFO - [2025-04-02 00:23:55] Received upload from: device-m8z4jhqjx31cka
2025-04-02 00:23:56,297 - INFO - [2025-04-02 00:23:56] Received upload from: device-m8z4jhqjx31cka
2025-04-02 00:23:56,307 - INFO - [2025-04-02 00:23:56] Received upload from: device-m8z4jhqjx31cka
2025-04-02 00:23:56,379 - INFO - [2025-04-02 00:23:56] Received upload from: device-m8z4jhqjx31cka
2025-04-02 00:23:56,581 - INFO - [2025-04-02 00:23:56] Received upload from: device-m8z4jhqjx31cka
2025-04-02 07:12:56,312 - ERROR - Exception in callback _ProactorBasePipeTransport._call_connection_lost(None)
handle: <Handle _ProactorBasePipeTransport._call_connection_lost(None)>
Traceback (most recent call last):
  File "C:\Users\CHRISTOPHER\AppData\Local\Programs\Python\Python312\Lib\asyncio\events.py", line 88, in _run
    self._context.run(self._callback, *self._args)
  File "C:\Users\CHRISTOPHER\AppData\Local\Programs\Python\Python312\Lib\asyncio\proactor_events.py", line 165, in _call_connection_lost
    self._sock.shutdown(socket.SHUT_RDWR)
ConnectionResetError: [WinError 10054] An existing connection was forcibly closed by the remote host
